{"/Users/raul/_bootcampf5/proyectos/uknow_all/uknow-backend/src/app.controller.ts": {"path":"/Users/raul/_bootcampf5/proyectos/uknow_all/uknow-backend/src/app.controller.ts","statementMap":{"0":{"start":{"line":1,"column":0},"end":{"line":1,"column":49}},"1":{"start":{"line":2,"column":0},"end":{"line":2,"column":43}},"2":{"start":{"line":5,"column":26},"end":{"line":12,"column":null}},"3":{"start":{"line":6,"column":30},"end":{"line":6,"column":42}},"4":{"start":{"line":10,"column":2},"end":{"line":10,"column":36}},"5":{"start":{"line":9,"column":1},"end":{"line":11,"column":null}},"6":{"start":{"line":5,"column":13},"end":{"line":12,"column":null}}},"fnMap":{"0":{"name":"(anonymous_2)","decl":{"start":{"line":6,"column":1},"end":{"line":6,"column":30}},"loc":{"start":{"line":6,"column":52},"end":{"line":6,"column":56}}},"1":{"name":"(anonymous_3)","decl":{"start":{"line":9,"column":1},"end":{"line":9,"column":9}},"loc":{"start":{"line":9,"column":9},"end":{"line":11,"column":2}}}},"branchMap":{},"s":{"0":1,"1":1,"2":1,"3":1,"4":1,"5":1,"6":1},"f":{"0":1,"1":1},"b":{}}
,"/Users/raul/_bootcampf5/proyectos/uknow_all/uknow-backend/src/app.module.ts": {"path":"/Users/raul/_bootcampf5/proyectos/uknow_all/uknow-backend/src/app.module.ts","statementMap":{"0":{"start":{"line":1,"column":0},"end":{"line":1,"column":40}},"1":{"start":{"line":2,"column":0},"end":{"line":2,"column":49}},"2":{"start":{"line":3,"column":0},"end":{"line":3,"column":43}},"3":{"start":{"line":4,"column":0},"end":{"line":4,"column":50}},"4":{"start":{"line":5,"column":0},"end":{"line":5,"column":51}},"5":{"start":{"line":6,"column":0},"end":{"line":6,"column":57}},"6":{"start":{"line":7,"column":0},"end":{"line":7,"column":48}},"7":{"start":{"line":19,"column":22},"end":{"line":19,"column":null}},"8":{"start":{"line":19,"column":13},"end":{"line":19,"column":null}}},"fnMap":{},"branchMap":{},"s":{"0":0,"1":0,"2":0,"3":0,"4":0,"5":0,"6":0,"7":0,"8":0},"f":{},"b":{}}
,"/Users/raul/_bootcampf5/proyectos/uknow_all/uknow-backend/src/app.service.ts": {"path":"/Users/raul/_bootcampf5/proyectos/uknow_all/uknow-backend/src/app.service.ts","statementMap":{"0":{"start":{"line":1,"column":0},"end":{"line":1,"column":44}},"1":{"start":{"line":4,"column":23},"end":{"line":8,"column":null}},"2":{"start":{"line":6,"column":2},"end":{"line":6,"column":24}},"3":{"start":{"line":4,"column":13},"end":{"line":8,"column":null}}},"fnMap":{"0":{"name":"(anonymous_1)","decl":{"start":{"line":5,"column":1},"end":{"line":5,"column":9}},"loc":{"start":{"line":5,"column":9},"end":{"line":7,"column":2}}}},"branchMap":{},"s":{"0":1,"1":1,"2":1,"3":1},"f":{"0":1},"b":{}}
,"/Users/raul/_bootcampf5/proyectos/uknow_all/uknow-backend/src/main.ts": {"path":"/Users/raul/_bootcampf5/proyectos/uknow_all/uknow-backend/src/main.ts","statementMap":{"0":{"start":{"line":1,"column":0},"end":{"line":1,"column":43}},"1":{"start":{"line":2,"column":0},"end":{"line":2,"column":41}},"2":{"start":{"line":3,"column":0},"end":{"line":3,"column":65}},"3":{"start":{"line":4,"column":0},"end":{"line":4,"column":48}},"4":{"start":{"line":7,"column":13},"end":{"line":7,"column":48}},"5":{"start":{"line":10,"column":17},"end":{"line":14,"column":10}},"6":{"start":{"line":15,"column":18},"end":{"line":15,"column":60}},"7":{"start":{"line":18,"column":1},"end":{"line":18,"column":44}},"8":{"start":{"line":21,"column":1},"end":{"line":21,"column":42}},"9":{"start":{"line":23,"column":1},"end":{"line":23,"column":24}},"10":{"start":{"line":25,"column":0},"end":{"line":25,"column":12}}},"fnMap":{"0":{"name":"bootstrap","decl":{"start":{"line":6,"column":15},"end":{"line":6,"column":24}},"loc":{"start":{"line":6,"column":24},"end":{"line":24,"column":1}}}},"branchMap":{},"s":{"0":0,"1":0,"2":0,"3":0,"4":0,"5":0,"6":0,"7":0,"8":0,"9":0,"10":0},"f":{"0":0},"b":{}}
,"/Users/raul/_bootcampf5/proyectos/uknow_all/uknow-backend/src/auth/auth.controller.ts": {"path":"/Users/raul/_bootcampf5/proyectos/uknow_all/uknow-backend/src/auth/auth.controller.ts","statementMap":{"0":{"start":{"line":1,"column":0},"end":{"line":1,"column":68}},"1":{"start":{"line":2,"column":0},"end":{"line":2,"column":45}},"2":{"start":{"line":3,"column":0},"end":{"line":3,"column":59}},"3":{"start":{"line":4,"column":0},"end":{"line":4,"column":58}},"4":{"start":{"line":5,"column":0},"end":{"line":5,"column":56}},"5":{"start":{"line":6,"column":0},"end":{"line":6,"column":62}},"6":{"start":{"line":9,"column":27},"end":{"line":31,"column":null}},"7":{"start":{"line":10,"column":30},"end":{"line":10,"column":43}},"8":{"start":{"line":14,"column":2},"end":{"line":14,"column":38}},"9":{"start":{"line":19,"column":2},"end":{"line":19,"column":41}},"10":{"start":{"line":24,"column":2},"end":{"line":24,"column":55}},"11":{"start":{"line":29,"column":2},"end":{"line":29,"column":47}},"12":{"start":{"line":13,"column":1},"end":{"line":15,"column":null}},"13":{"start":{"line":18,"column":1},"end":{"line":20,"column":null}},"14":{"start":{"line":23,"column":1},"end":{"line":25,"column":null}},"15":{"start":{"line":28,"column":1},"end":{"line":30,"column":null}},"16":{"start":{"line":9,"column":13},"end":{"line":31,"column":null}}},"fnMap":{"0":{"name":"(anonymous_4)","decl":{"start":{"line":10,"column":1},"end":{"line":10,"column":30}},"loc":{"start":{"line":10,"column":54},"end":{"line":10,"column":58}}},"1":{"name":"(anonymous_5)","decl":{"start":{"line":13,"column":1},"end":{"line":13,"column":6}},"loc":{"start":{"line":13,"column":36},"end":{"line":15,"column":2}}},"2":{"name":"(anonymous_6)","decl":{"start":{"line":18,"column":1},"end":{"line":18,"column":7}},"loc":{"start":{"line":18,"column":37},"end":{"line":20,"column":2}}},"3":{"name":"(anonymous_7)","decl":{"start":{"line":23,"column":1},"end":{"line":23,"column":23}},"loc":{"start":{"line":23,"column":56},"end":{"line":25,"column":2}}},"4":{"name":"(anonymous_8)","decl":{"start":{"line":28,"column":1},"end":{"line":28,"column":15}},"loc":{"start":{"line":28,"column":45},"end":{"line":30,"column":2}}}},"branchMap":{},"s":{"0":1,"1":1,"2":1,"3":1,"4":1,"5":1,"6":1,"7":5,"8":1,"9":1,"10":1,"11":1,"12":1,"13":1,"14":1,"15":1,"16":1},"f":{"0":5,"1":1,"2":1,"3":1,"4":1},"b":{}}
,"/Users/raul/_bootcampf5/proyectos/uknow_all/uknow-backend/src/auth/auth.module.ts": {"path":"/Users/raul/_bootcampf5/proyectos/uknow_all/uknow-backend/src/auth/auth.module.ts","statementMap":{"0":{"start":{"line":1,"column":0},"end":{"line":1,"column":40}},"1":{"start":{"line":2,"column":0},"end":{"line":2,"column":45}},"2":{"start":{"line":3,"column":0},"end":{"line":3,"column":51}},"3":{"start":{"line":4,"column":0},"end":{"line":4,"column":53}},"4":{"start":{"line":5,"column":0},"end":{"line":5,"column":40}},"5":{"start":{"line":14,"column":23},"end":{"line":14,"column":null}},"6":{"start":{"line":14,"column":13},"end":{"line":14,"column":null}}},"fnMap":{},"branchMap":{},"s":{"0":0,"1":0,"2":0,"3":0,"4":0,"5":0,"6":0},"f":{},"b":{}}
,"/Users/raul/_bootcampf5/proyectos/uknow_all/uknow-backend/src/auth/auth.service.ts": {"path":"/Users/raul/_bootcampf5/proyectos/uknow_all/uknow-backend/src/auth/auth.service.ts","statementMap":{"0":{"start":{"line":1,"column":0},"end":{"line":1,"column":101}},"1":{"start":{"line":2,"column":0},"end":{"line":2,"column":54}},"2":{"start":{"line":6,"column":0},"end":{"line":6,"column":41}},"3":{"start":{"line":7,"column":0},"end":{"line":7,"column":49}},"4":{"start":{"line":9,"column":0},"end":{"line":9,"column":48}},"5":{"start":{"line":12,"column":24},"end":{"line":94,"column":null}},"6":{"start":{"line":14,"column":12},"end":{"line":14,"column":25}},"7":{"start":{"line":15,"column":18},"end":{"line":15,"column":30}},"8":{"start":{"line":19,"column":30},"end":{"line":19,"column":34}},"9":{"start":{"line":20,"column":19},"end":{"line":20,"column":61}},"10":{"start":{"line":21,"column":2},"end":{"line":21,"column":81}},"11":{"start":{"line":21,"column":17},"end":{"line":21,"column":81}},"12":{"start":{"line":23,"column":24},"end":{"line":23,"column":66}},"13":{"start":{"line":24,"column":2},"end":{"line":24,"column":90}},"14":{"start":{"line":24,"column":22},"end":{"line":24,"column":90}},"15":{"start":{"line":26,"column":2},"end":{"line":30,"column":4}},"16":{"start":{"line":34,"column":2},"end":{"line":40,"column":null}},"17":{"start":{"line":35,"column":3},"end":{"line":35,"column":61}},"18":{"start":{"line":36,"column":18},"end":{"line":36,"column":53}},"19":{"start":{"line":37,"column":3},"end":{"line":37,"column":17}},"20":{"start":{"line":39,"column":3},"end":{"line":39,"column":15}},"21":{"start":{"line":44,"column":18},"end":{"line":47,"column":4}},"22":{"start":{"line":49,"column":2},"end":{"line":61,"column":null}},"23":{"start":{"line":50,"column":17},"end":{"line":50,"column":79}},"24":{"start":{"line":51,"column":3},"end":{"line":51,"column":31}},"25":{"start":{"line":52,"column":23},"end":{"line":52,"column":71}},"26":{"start":{"line":53,"column":3},"end":{"line":53,"column":33}},"27":{"start":{"line":54,"column":3},"end":{"line":58,"column":5}},"28":{"start":{"line":60,"column":3},"end":{"line":60,"column":15}},"29":{"start":{"line":65,"column":2},"end":{"line":79,"column":null}},"30":{"start":{"line":66,"column":26},"end":{"line":66,"column":137}},"31":{"start":{"line":67,"column":3},"end":{"line":67,"column":18}},"32":{"start":{"line":68,"column":3},"end":{"line":68,"column":22}},"33":{"start":{"line":69,"column":3},"end":{"line":69,"column":61}},"34":{"start":{"line":70,"column":3},"end":{"line":70,"column":28}},"35":{"start":{"line":71,"column":3},"end":{"line":71,"column":47}},"36":{"start":{"line":72,"column":3},"end":{"line":76,"column":5}},"37":{"start":{"line":78,"column":3},"end":{"line":78,"column":15}},"38":{"start":{"line":83,"column":2},"end":{"line":88,"column":null}},"39":{"start":{"line":84,"column":16},"end":{"line":84,"column":33}},"40":{"start":{"line":85,"column":3},"end":{"line":85,"column":31}},"41":{"start":{"line":87,"column":3},"end":{"line":87,"column":44}},"42":{"start":{"line":92,"column":2},"end":{"line":92,"column":39}},"43":{"start":{"line":12,"column":13},"end":{"line":94,"column":null}}},"fnMap":{"0":{"name":"(anonymous_2)","decl":{"start":{"line":13,"column":1},"end":{"line":13,"column":null}},"loc":{"start":{"line":15,"column":40},"end":{"line":16,"column":5}}},"1":{"name":"(anonymous_3)","decl":{"start":{"line":18,"column":1},"end":{"line":18,"column":6}},"loc":{"start":{"line":18,"column":33},"end":{"line":31,"column":2}}},"2":{"name":"(anonymous_4)","decl":{"start":{"line":33,"column":1},"end":{"line":33,"column":6}},"loc":{"start":{"line":33,"column":37},"end":{"line":41,"column":2}}},"3":{"name":"(anonymous_5)","decl":{"start":{"line":43,"column":1},"end":{"line":43,"column":6}},"loc":{"start":{"line":43,"column":53},"end":{"line":62,"column":2}}},"4":{"name":"(anonymous_6)","decl":{"start":{"line":64,"column":1},"end":{"line":64,"column":6}},"loc":{"start":{"line":64,"column":42},"end":{"line":80,"column":2}}},"5":{"name":"(anonymous_7)","decl":{"start":{"line":82,"column":1},"end":{"line":82,"column":6}},"loc":{"start":{"line":82,"column":39},"end":{"line":89,"column":2}}},"6":{"name":"(anonymous_8)","decl":{"start":{"line":91,"column":1},"end":{"line":91,"column":6}},"loc":{"start":{"line":91,"column":52},"end":{"line":93,"column":2}}}},"branchMap":{"0":{"loc":{"start":{"line":21,"column":2},"end":{"line":21,"column":81}},"type":"if","locations":[{"start":{"line":21,"column":2},"end":{"line":21,"column":81}}]},"1":{"loc":{"start":{"line":24,"column":2},"end":{"line":24,"column":90}},"type":"if","locations":[{"start":{"line":24,"column":2},"end":{"line":24,"column":90}}]}},"s":{"0":2,"1":2,"2":2,"3":2,"4":2,"5":2,"6":5,"7":5,"8":1,"9":1,"10":1,"11":0,"12":1,"13":1,"14":0,"15":1,"16":1,"17":1,"18":1,"19":1,"20":0,"21":1,"22":1,"23":1,"24":1,"25":1,"26":1,"27":1,"28":0,"29":1,"30":1,"31":1,"32":1,"33":1,"34":1,"35":1,"36":1,"37":0,"38":2,"39":2,"40":2,"41":0,"42":0,"43":2},"f":{"0":5,"1":1,"2":1,"3":1,"4":1,"5":2,"6":0},"b":{"0":[0],"1":[0]}}
,"/Users/raul/_bootcampf5/proyectos/uknow_all/uknow-backend/src/auth/dto/get-user-login.dto.ts": {"path":"/Users/raul/_bootcampf5/proyectos/uknow_all/uknow-backend/src/auth/dto/get-user-login.dto.ts","statementMap":{"0":{"start":{"line":1,"column":0},"end":{"line":1,"column":46}},"1":{"start":{"line":2,"column":0},"end":{"line":2,"column":64}},"2":{"start":{"line":4,"column":0},"end":{"line":4,"column":13}},"3":{"start":{"line":8,"column":2},"end":{"line":8,"column":null}},"4":{"start":{"line":13,"column":2},"end":{"line":13,"column":null}}},"fnMap":{},"branchMap":{},"s":{"0":1,"1":1,"2":1,"3":1,"4":1},"f":{},"b":{}}
,"/Users/raul/_bootcampf5/proyectos/uknow_all/uknow-backend/src/auth/dto/recover-request.dto.ts": {"path":"/Users/raul/_bootcampf5/proyectos/uknow_all/uknow-backend/src/auth/dto/recover-request.dto.ts","statementMap":{"0":{"start":{"line":2,"column":0},"end":{"line":2,"column":46}},"1":{"start":{"line":4,"column":0},"end":{"line":4,"column":65}},"2":{"start":{"line":6,"column":0},"end":{"line":6,"column":13}},"3":{"start":{"line":10,"column":4},"end":{"line":10,"column":null}},"4":{"start":{"line":15,"column":2},"end":{"line":15,"column":null}},"5":{"start":{"line":18,"column":2},"end":{"line":18,"column":null}}},"fnMap":{},"branchMap":{},"s":{"0":1,"1":1,"2":1,"3":1,"4":1,"5":1},"f":{},"b":{}}
,"/Users/raul/_bootcampf5/proyectos/uknow_all/uknow-backend/src/auth/dto/recover-user.dto.ts": {"path":"/Users/raul/_bootcampf5/proyectos/uknow_all/uknow-backend/src/auth/dto/recover-user.dto.ts","statementMap":{"0":{"start":{"line":1,"column":0},"end":{"line":1,"column":46}},"1":{"start":{"line":2,"column":0},"end":{"line":2,"column":72}},"2":{"start":{"line":5,"column":0},"end":{"line":5,"column":13}},"3":{"start":{"line":7,"column":2},"end":{"line":7,"column":null}},"4":{"start":{"line":10,"column":2},"end":{"line":10,"column":null}},"5":{"start":{"line":14,"column":2},"end":{"line":14,"column":null}},"6":{"start":{"line":19,"column":2},"end":{"line":19,"column":null}}},"fnMap":{},"branchMap":{},"s":{"0":1,"1":1,"2":1,"3":1,"4":1,"5":1,"6":1},"f":{},"b":{}}
,"/Users/raul/_bootcampf5/proyectos/uknow_all/uknow-backend/src/auth/dto/register-user.dto.ts": {"path":"/Users/raul/_bootcampf5/proyectos/uknow_all/uknow-backend/src/auth/dto/register-user.dto.ts","statementMap":{"0":{"start":{"line":1,"column":0},"end":{"line":1,"column":46}},"1":{"start":{"line":2,"column":0},"end":{"line":2,"column":63}},"2":{"start":{"line":4,"column":0},"end":{"line":4,"column":13}},"3":{"start":{"line":8,"column":2},"end":{"line":8,"column":null}},"4":{"start":{"line":13,"column":2},"end":{"line":13,"column":null}},"5":{"start":{"line":18,"column":2},"end":{"line":18,"column":null}},"6":{"start":{"line":22,"column":2},"end":{"line":22,"column":null}}},"fnMap":{},"branchMap":{},"s":{"0":2,"1":2,"2":2,"3":2,"4":2,"5":2,"6":2},"f":{},"b":{}}
,"/Users/raul/_bootcampf5/proyectos/uknow_all/uknow-backend/src/courses/courses.controller.ts": {"path":"/Users/raul/_bootcampf5/proyectos/uknow_all/uknow-backend/src/courses/courses.controller.ts","statementMap":{"0":{"start":{"line":2,"column":0},"end":{"line":2,"column":90}},"1":{"start":{"line":3,"column":0},"end":{"line":3,"column":51}},"2":{"start":{"line":4,"column":0},"end":{"line":4,"column":58}},"3":{"start":{"line":5,"column":0},"end":{"line":5,"column":58}},"4":{"start":{"line":9,"column":30},"end":{"line":51,"column":null}},"5":{"start":{"line":10,"column":30},"end":{"line":10,"column":46}},"6":{"start":{"line":14,"column":2},"end":{"line":14,"column":53}},"7":{"start":{"line":19,"column":3},"end":{"line":19,"column":57}},"8":{"start":{"line":24,"column":3},"end":{"line":24,"column":55}},"9":{"start":{"line":29,"column":3},"end":{"line":29,"column":40}},"10":{"start":{"line":34,"column":3},"end":{"line":34,"column":68}},"11":{"start":{"line":39,"column":3},"end":{"line":39,"column":42}},"12":{"start":{"line":44,"column":3},"end":{"line":44,"column":58}},"13":{"start":{"line":49,"column":3},"end":{"line":49,"column":47}},"14":{"start":{"line":13,"column":1},"end":{"line":15,"column":null}},"15":{"start":{"line":18,"column":2},"end":{"line":20,"column":null}},"16":{"start":{"line":23,"column":2},"end":{"line":25,"column":null}},"17":{"start":{"line":28,"column":2},"end":{"line":30,"column":null}},"18":{"start":{"line":33,"column":2},"end":{"line":35,"column":null}},"19":{"start":{"line":38,"column":2},"end":{"line":40,"column":null}},"20":{"start":{"line":43,"column":2},"end":{"line":45,"column":null}},"21":{"start":{"line":48,"column":2},"end":{"line":50,"column":null}},"22":{"start":{"line":9,"column":13},"end":{"line":51,"column":null}}},"fnMap":{"0":{"name":"(anonymous_4)","decl":{"start":{"line":10,"column":1},"end":{"line":10,"column":30}},"loc":{"start":{"line":10,"column":60},"end":{"line":10,"column":64}}},"1":{"name":"(anonymous_5)","decl":{"start":{"line":13,"column":1},"end":{"line":13,"column":7}},"loc":{"start":{"line":13,"column":48},"end":{"line":15,"column":2}}},"2":{"name":"(anonymous_6)","decl":{"start":{"line":18,"column":2},"end":{"line":18,"column":20}},"loc":{"start":{"line":18,"column":54},"end":{"line":20,"column":3}}},"3":{"name":"(anonymous_7)","decl":{"start":{"line":23,"column":2},"end":{"line":23,"column":24}},"loc":{"start":{"line":23,"column":24},"end":{"line":25,"column":3}}},"4":{"name":"(anonymous_8)","decl":{"start":{"line":28,"column":2},"end":{"line":28,"column":9}},"loc":{"start":{"line":28,"column":9},"end":{"line":30,"column":3}}},"5":{"name":"(anonymous_9)","decl":{"start":{"line":33,"column":2},"end":{"line":33,"column":8}},"loc":{"start":{"line":33,"column":23},"end":{"line":35,"column":3}}},"6":{"name":"(anonymous_10)","decl":{"start":{"line":38,"column":2},"end":{"line":38,"column":9}},"loc":{"start":{"line":38,"column":35},"end":{"line":40,"column":3}}},"7":{"name":"(anonymous_11)","decl":{"start":{"line":43,"column":2},"end":{"line":43,"column":8}},"loc":{"start":{"line":43,"column":76},"end":{"line":45,"column":3}}},"8":{"name":"(anonymous_12)","decl":{"start":{"line":48,"column":2},"end":{"line":48,"column":14}},"loc":{"start":{"line":48,"column":40},"end":{"line":50,"column":3}}}},"branchMap":{},"s":{"0":1,"1":1,"2":1,"3":1,"4":1,"5":7,"6":1,"7":1,"8":1,"9":0,"10":1,"11":1,"12":1,"13":0,"14":1,"15":1,"16":1,"17":1,"18":1,"19":1,"20":1,"21":1,"22":1},"f":{"0":7,"1":1,"2":1,"3":1,"4":0,"5":1,"6":1,"7":1,"8":0},"b":{}}
,"/Users/raul/_bootcampf5/proyectos/uknow_all/uknow-backend/src/courses/courses.module.ts": {"path":"/Users/raul/_bootcampf5/proyectos/uknow_all/uknow-backend/src/courses/courses.module.ts","statementMap":{"0":{"start":{"line":1,"column":0},"end":{"line":1,"column":40}},"1":{"start":{"line":2,"column":0},"end":{"line":2,"column":51}},"2":{"start":{"line":3,"column":0},"end":{"line":3,"column":57}},"3":{"start":{"line":4,"column":0},"end":{"line":4,"column":50}},"4":{"start":{"line":5,"column":0},"end":{"line":5,"column":63}},"5":{"start":{"line":6,"column":0},"end":{"line":6,"column":53}},"6":{"start":{"line":21,"column":26},"end":{"line":21,"column":null}},"7":{"start":{"line":21,"column":13},"end":{"line":21,"column":null}}},"fnMap":{},"branchMap":{},"s":{"0":0,"1":0,"2":0,"3":0,"4":0,"5":0,"6":0,"7":0},"f":{},"b":{}}
,"/Users/raul/_bootcampf5/proyectos/uknow_all/uknow-backend/src/courses/courses.service.ts": {"path":"/Users/raul/_bootcampf5/proyectos/uknow_all/uknow-backend/src/courses/courses.service.ts","statementMap":{"0":{"start":{"line":1,"column":0},"end":{"line":1,"column":71}},"1":{"start":{"line":4,"column":0},"end":{"line":4,"column":47}},"2":{"start":{"line":5,"column":0},"end":{"line":5,"column":49}},"3":{"start":{"line":6,"column":0},"end":{"line":6,"column":51}},"4":{"start":{"line":7,"column":0},"end":{"line":7,"column":54}},"5":{"start":{"line":10,"column":27},"end":{"line":199,"column":null}},"6":{"start":{"line":12,"column":19},"end":{"line":12,"column":32}},"7":{"start":{"line":13,"column":36},"end":{"line":13,"column":49}},"8":{"start":{"line":17,"column":2},"end":{"line":28,"column":null}},"9":{"start":{"line":18,"column":21},"end":{"line":18,"column":67}},"10":{"start":{"line":20,"column":3},"end":{"line":24,"column":5}},"11":{"start":{"line":27,"column":3},"end":{"line":27,"column":15}},"12":{"start":{"line":33,"column":2},"end":{"line":43,"column":null}},"13":{"start":{"line":34,"column":22},"end":{"line":34,"column":51}},"14":{"start":{"line":36,"column":3},"end":{"line":40,"column":5}},"15":{"start":{"line":42,"column":3},"end":{"line":42,"column":15}},"16":{"start":{"line":47,"column":21},"end":{"line":47,"column":23}},"17":{"start":{"line":48,"column":23},"end":{"line":48,"column":75}},"18":{"start":{"line":49,"column":36},"end":{"line":49,"column":116}},"19":{"start":{"line":53,"column":2},"end":{"line":74,"column":5}},"20":{"start":{"line":54,"column":20},"end":{"line":54,"column":30}},"21":{"start":{"line":55,"column":20},"end":{"line":55,"column":21}},"22":{"start":{"line":56,"column":19},"end":{"line":56,"column":20}},"23":{"start":{"line":59,"column":3},"end":{"line":67,"column":6}},"24":{"start":{"line":60,"column":21},"end":{"line":60,"column":61}},"25":{"start":{"line":61,"column":4},"end":{"line":66,"column":7}},"26":{"start":{"line":62,"column":5},"end":{"line":65,"column":null}},"27":{"start":{"line":63,"column":6},"end":{"line":63,"column":36}},"28":{"start":{"line":64,"column":6},"end":{"line":64,"column":18}},"29":{"start":{"line":68,"column":3},"end":{"line":73,"column":6}},"30":{"start":{"line":76,"column":15},"end":{"line":76,"column":17}},"31":{"start":{"line":77,"column":26},"end":{"line":79,"column":4}},"32":{"start":{"line":78,"column":3},"end":{"line":78,"column":87}},"33":{"start":{"line":81,"column":2},"end":{"line":86,"column":5}},"34":{"start":{"line":82,"column":3},"end":{"line":85,"column":null}},"35":{"start":{"line":83,"column":4},"end":{"line":83,"column":58}},"36":{"start":{"line":84,"column":4},"end":{"line":84,"column":45}},"37":{"start":{"line":88,"column":24},"end":{"line":88,"column":77}},"38":{"start":{"line":88,"column":55},"end":{"line":88,"column":76}},"39":{"start":{"line":91,"column":2},"end":{"line":95,"column":4}},"40":{"start":{"line":99,"column":36},"end":{"line":99,"column":94}},"41":{"start":{"line":100,"column":2},"end":{"line":100,"column":20}},"42":{"start":{"line":103,"column":2},"end":{"line":107,"column":4}},"43":{"start":{"line":111,"column":2},"end":{"line":111,"column":104}},"44":{"start":{"line":111,"column":60},"end":{"line":111,"column":101}},"45":{"start":{"line":116,"column":19},"end":{"line":116,"column":21}},"46":{"start":{"line":118,"column":16},"end":{"line":118,"column":41}},"47":{"start":{"line":119,"column":21},"end":{"line":119,"column":39}},"48":{"start":{"line":121,"column":2},"end":{"line":145,"column":null}},"49":{"start":{"line":122,"column":3},"end":{"line":124,"column":null}},"50":{"start":{"line":122,"column":30},"end":{"line":122,"column":40}},"51":{"start":{"line":122,"column":30},"end":{"line":122,"column":42}},"52":{"start":{"line":122,"column":26},"end":{"line":122,"column":30}},"53":{"start":{"line":123,"column":4},"end":{"line":123,"column":93}},"54":{"start":{"line":128,"column":3},"end":{"line":128,"column":42}},"55":{"start":{"line":133,"column":16},"end":{"line":133,"column":18}},"56":{"start":{"line":134,"column":27},"end":{"line":136,"column":5}},"57":{"start":{"line":135,"column":4},"end":{"line":135,"column":62}},"58":{"start":{"line":138,"column":3},"end":{"line":142,"column":5}},"59":{"start":{"line":144,"column":3},"end":{"line":144,"column":15}},"60":{"start":{"line":149,"column":2},"end":{"line":158,"column":null}},"61":{"start":{"line":150,"column":18},"end":{"line":150,"column":53}},"62":{"start":{"line":151,"column":3},"end":{"line":155,"column":5}},"63":{"start":{"line":157,"column":3},"end":{"line":157,"column":15}},"64":{"start":{"line":162,"column":2},"end":{"line":174,"column":null}},"65":{"start":{"line":163,"column":25},"end":{"line":164,"column":null}},"66":{"start":{"line":167,"column":3},"end":{"line":171,"column":5}},"67":{"start":{"line":173,"column":3},"end":{"line":173,"column":15}},"68":{"start":{"line":178,"column":2},"end":{"line":196,"column":null}},"69":{"start":{"line":179,"column":18},"end":{"line":179,"column":61}},"70":{"start":{"line":181,"column":3},"end":{"line":193,"column":null}},"71":{"start":{"line":182,"column":4},"end":{"line":182,"column":101}},"72":{"start":{"line":182,"column":23},"end":{"line":182,"column":101}},"73":{"start":{"line":184,"column":4},"end":{"line":184,"column":50}},"74":{"start":{"line":186,"column":4},"end":{"line":190,"column":6}},"75":{"start":{"line":192,"column":4},"end":{"line":192,"column":71}},"76":{"start":{"line":195,"column":3},"end":{"line":195,"column":15}},"77":{"start":{"line":10,"column":13},"end":{"line":199,"column":null}}},"fnMap":{"0":{"name":"(anonymous_11)","decl":{"start":{"line":11,"column":1},"end":{"line":11,"column":null}},"loc":{"start":{"line":13,"column":62},"end":{"line":14,"column":4}}},"1":{"name":"(anonymous_12)","decl":{"start":{"line":16,"column":1},"end":{"line":16,"column":6}},"loc":{"start":{"line":16,"column":46},"end":{"line":30,"column":2}}},"2":{"name":"(anonymous_13)","decl":{"start":{"line":32,"column":1},"end":{"line":32,"column":6}},"loc":{"start":{"line":32,"column":14},"end":{"line":44,"column":2}}},"3":{"name":"(anonymous_14)","decl":{"start":{"line":46,"column":1},"end":{"line":46,"column":6}},"loc":{"start":{"line":46,"column":29},"end":{"line":96,"column":2}}},"4":{"name":"(anonymous_15)","decl":{"start":{"line":53,"column":24},"end":{"line":53,"column":25}},"loc":{"start":{"line":53,"column":35},"end":{"line":74,"column":3}}},"5":{"name":"(anonymous_16)","decl":{"start":{"line":59,"column":16},"end":{"line":59,"column":29}},"loc":{"start":{"line":59,"column":32},"end":{"line":67,"column":4}}},"6":{"name":"(anonymous_17)","decl":{"start":{"line":61,"column":21},"end":{"line":61,"column":30}},"loc":{"start":{"line":61,"column":33},"end":{"line":66,"column":5}}},"7":{"name":"(anonymous_18)","decl":{"start":{"line":77,"column":44},"end":{"line":77,"column":50}},"loc":{"start":{"line":77,"column":53},"end":{"line":79,"column":3}}},"8":{"name":"(anonymous_19)","decl":{"start":{"line":81,"column":22},"end":{"line":81,"column":23}},"loc":{"start":{"line":81,"column":33},"end":{"line":86,"column":3}}},"9":{"name":"(anonymous_20)","decl":{"start":{"line":88,"column":45},"end":{"line":88,"column":46}},"loc":{"start":{"line":88,"column":55},"end":{"line":88,"column":76}}},"10":{"name":"(anonymous_21)","decl":{"start":{"line":98,"column":1},"end":{"line":98,"column":6}},"loc":{"start":{"line":98,"column":42},"end":{"line":108,"column":2}}},"11":{"name":"(anonymous_22)","decl":{"start":{"line":110,"column":1},"end":{"line":110,"column":6}},"loc":{"start":{"line":110,"column":53},"end":{"line":113,"column":2}}},"12":{"name":"(anonymous_23)","decl":{"start":{"line":111,"column":40},"end":{"line":111,"column":45}},"loc":{"start":{"line":111,"column":60},"end":{"line":111,"column":101}}},"13":{"name":"(anonymous_24)","decl":{"start":{"line":115,"column":1},"end":{"line":115,"column":6}},"loc":{"start":{"line":115,"column":47},"end":{"line":146,"column":2}}},"14":{"name":"(anonymous_25)","decl":{"start":{"line":134,"column":45},"end":{"line":134,"column":51}},"loc":{"start":{"line":134,"column":54},"end":{"line":136,"column":4}}},"15":{"name":"(anonymous_26)","decl":{"start":{"line":148,"column":1},"end":{"line":148,"column":6}},"loc":{"start":{"line":148,"column":27},"end":{"line":159,"column":2}}},"16":{"name":"(anonymous_27)","decl":{"start":{"line":161,"column":1},"end":{"line":161,"column":6}},"loc":{"start":{"line":161,"column":57},"end":{"line":175,"column":2}}},"17":{"name":"(anonymous_28)","decl":{"start":{"line":177,"column":1},"end":{"line":177,"column":6}},"loc":{"start":{"line":177,"column":32},"end":{"line":197,"column":2}}}},"branchMap":{"0":{"loc":{"start":{"line":62,"column":5},"end":{"line":65,"column":null}},"type":"if","locations":[{"start":{"line":62,"column":5},"end":{"line":65,"column":null}}]},"1":{"loc":{"start":{"line":78,"column":10},"end":{"line":78,"column":86}},"type":"cond-expr","locations":[{"start":{"line":78,"column":55},"end":{"line":78,"column":60}},{"start":{"line":78,"column":63},"end":{"line":78,"column":86}}]},"2":{"loc":{"start":{"line":78,"column":10},"end":{"line":78,"column":52}},"type":"binary-expr","locations":[{"start":{"line":78,"column":10},"end":{"line":78,"column":26}},{"start":{"line":78,"column":30},"end":{"line":78,"column":52}}]},"3":{"loc":{"start":{"line":82,"column":3},"end":{"line":85,"column":null}},"type":"if","locations":[{"start":{"line":82,"column":3},"end":{"line":85,"column":null}}]},"4":{"loc":{"start":{"line":135,"column":11},"end":{"line":135,"column":61}},"type":"cond-expr","locations":[{"start":{"line":135,"column":30},"end":{"line":135,"column":35}},{"start":{"line":135,"column":38},"end":{"line":135,"column":61}}]},"5":{"loc":{"start":{"line":181,"column":3},"end":{"line":193,"column":null}},"type":"if","locations":[{"start":{"line":181,"column":3},"end":{"line":193,"column":null}},{"start":{"line":191,"column":10},"end":{"line":193,"column":null}}]},"6":{"loc":{"start":{"line":182,"column":4},"end":{"line":182,"column":101}},"type":"if","locations":[{"start":{"line":182,"column":4},"end":{"line":182,"column":101}}]}},"s":{"0":2,"1":2,"2":2,"3":2,"4":2,"5":2,"6":1,"7":1,"8":0,"9":0,"10":0,"11":0,"12":0,"13":0,"14":0,"15":0,"16":0,"17":0,"18":0,"19":0,"20":0,"21":0,"22":0,"23":0,"24":0,"25":0,"26":0,"27":0,"28":0,"29":0,"30":0,"31":0,"32":0,"33":0,"34":0,"35":0,"36":0,"37":0,"38":0,"39":0,"40":0,"41":0,"42":0,"43":0,"44":0,"45":0,"46":0,"47":0,"48":0,"49":0,"50":0,"51":0,"52":0,"53":0,"54":0,"55":0,"56":0,"57":0,"58":0,"59":0,"60":1,"61":1,"62":1,"63":0,"64":0,"65":0,"66":0,"67":0,"68":0,"69":0,"70":0,"71":0,"72":0,"73":0,"74":0,"75":0,"76":0,"77":2},"f":{"0":1,"1":0,"2":0,"3":0,"4":0,"5":0,"6":0,"7":0,"8":0,"9":0,"10":0,"11":0,"12":0,"13":0,"14":0,"15":1,"16":0,"17":0},"b":{"0":[0],"1":[0,0],"2":[0,0],"3":[0],"4":[0,0],"5":[0,0],"6":[0]}}
,"/Users/raul/_bootcampf5/proyectos/uknow_all/uknow-backend/src/courses/dto/create-course.dto.ts": {"path":"/Users/raul/_bootcampf5/proyectos/uknow_all/uknow-backend/src/courses/dto/create-course.dto.ts","statementMap":{"0":{"start":{"line":1,"column":0},"end":{"line":1,"column":46}},"1":{"start":{"line":2,"column":0},"end":{"line":2,"column":86}},"2":{"start":{"line":4,"column":0},"end":{"line":4,"column":null}},"3":{"start":{"line":5,"column":1},"end":{"line":5,"column":null}},"4":{"start":{"line":6,"column":1},"end":{"line":6,"column":null}},"5":{"start":{"line":7,"column":1},"end":{"line":7,"column":null}},"6":{"start":{"line":10,"column":0},"end":{"line":10,"column":13}},"7":{"start":{"line":14,"column":2},"end":{"line":14,"column":null}},"8":{"start":{"line":19,"column":2},"end":{"line":19,"column":null}},"9":{"start":{"line":25,"column":2},"end":{"line":25,"column":null}},"10":{"start":{"line":30,"column":2},"end":{"line":30,"column":null}},"11":{"start":{"line":35,"column":2},"end":{"line":35,"column":null}}},"fnMap":{"0":{"name":"(anonymous_2)","decl":{"start":{"line":4,"column":0},"end":{"line":4,"column":5}},"loc":{"start":{"line":4,"column":15},"end":{"line":8,"column":1}}}},"branchMap":{"0":{"loc":{"start":{"line":4,"column":5},"end":{"line":4,"column":null}},"type":"binary-expr","locations":[{"start":{"line":4,"column":5},"end":{"line":4,"column":15}},{"start":{"line":4,"column":5},"end":{"line":4,"column":null}}]}},"s":{"0":1,"1":1,"2":1,"3":1,"4":1,"5":1,"6":1,"7":1,"8":1,"9":1,"10":1,"11":1},"f":{"0":1},"b":{"0":[1,1]}}
,"/Users/raul/_bootcampf5/proyectos/uknow_all/uknow-backend/src/courses/dto/update-course.dto.ts": {"path":"/Users/raul/_bootcampf5/proyectos/uknow_all/uknow-backend/src/courses/dto/update-course.dto.ts","statementMap":{"0":{"start":{"line":1,"column":0},"end":{"line":1,"column":59}},"1":{"start":{"line":4,"column":0},"end":{"line":4,"column":68}},"2":{"start":{"line":6,"column":0},"end":{"line":6,"column":13}},"3":{"start":{"line":10,"column":2},"end":{"line":10,"column":null}},"4":{"start":{"line":14,"column":2},"end":{"line":14,"column":null}},"5":{"start":{"line":18,"column":2},"end":{"line":18,"column":null}},"6":{"start":{"line":23,"column":2},"end":{"line":23,"column":null}},"7":{"start":{"line":27,"column":2},"end":{"line":27,"column":null}}},"fnMap":{},"branchMap":{},"s":{"0":1,"1":1,"2":1,"3":1,"4":1,"5":1,"6":1,"7":1},"f":{},"b":{}}
,"/Users/raul/_bootcampf5/proyectos/uknow_all/uknow-backend/src/courses/schemas/course.schema.ts": {"path":"/Users/raul/_bootcampf5/proyectos/uknow_all/uknow-backend/src/courses/schemas/course.schema.ts","statementMap":{"0":{"start":{"line":2,"column":0},"end":{"line":2,"column":63}},"1":{"start":{"line":3,"column":0},"end":{"line":3,"column":46}},"2":{"start":{"line":6,"column":19},"end":{"line":33,"column":null}},"3":{"start":{"line":9,"column":3},"end":{"line":9,"column":null}},"4":{"start":{"line":13,"column":3},"end":{"line":13,"column":null}},"5":{"start":{"line":17,"column":3},"end":{"line":17,"column":null}},"6":{"start":{"line":21,"column":3},"end":{"line":21,"column":null}},"7":{"start":{"line":25,"column":3},"end":{"line":25,"column":null}},"8":{"start":{"line":28,"column":3},"end":{"line":28,"column":null}},"9":{"start":{"line":32,"column":5},"end":{"line":32,"column":null}},"10":{"start":{"line":6,"column":13},"end":{"line":33,"column":null}},"11":{"start":{"line":35,"column":13},"end":{"line":35,"column":65}}},"fnMap":{},"branchMap":{},"s":{"0":6,"1":6,"2":6,"3":6,"4":6,"5":6,"6":6,"7":6,"8":6,"9":6,"10":6,"11":6},"f":{},"b":{}}
,"/Users/raul/_bootcampf5/proyectos/uknow_all/uknow-backend/src/users/users.controller.ts": {"path":"/Users/raul/_bootcampf5/proyectos/uknow_all/uknow-backend/src/users/users.controller.ts","statementMap":{"0":{"start":{"line":2,"column":0},"end":{"line":2,"column":83}},"1":{"start":{"line":3,"column":0},"end":{"line":3,"column":47}},"2":{"start":{"line":4,"column":0},"end":{"line":4,"column":54}},"3":{"start":{"line":6,"column":0},"end":{"line":6,"column":64}},"4":{"start":{"line":9,"column":28},"end":{"line":36,"column":null}},"5":{"start":{"line":10,"column":30},"end":{"line":10,"column":44}},"6":{"start":{"line":14,"column":2},"end":{"line":14,"column":51}},"7":{"start":{"line":19,"column":2},"end":{"line":19,"column":37}},"8":{"start":{"line":24,"column":4},"end":{"line":24,"column":41}},"9":{"start":{"line":29,"column":3},"end":{"line":29,"column":50}},"10":{"start":{"line":34,"column":3},"end":{"line":34,"column":40}},"11":{"start":{"line":13,"column":1},"end":{"line":15,"column":null}},"12":{"start":{"line":18,"column":1},"end":{"line":20,"column":null}},"13":{"start":{"line":23,"column":3},"end":{"line":25,"column":null}},"14":{"start":{"line":28,"column":2},"end":{"line":30,"column":null}},"15":{"start":{"line":33,"column":2},"end":{"line":35,"column":null}},"16":{"start":{"line":9,"column":13},"end":{"line":36,"column":null}}},"fnMap":{"0":{"name":"(anonymous_4)","decl":{"start":{"line":10,"column":1},"end":{"line":10,"column":30}},"loc":{"start":{"line":10,"column":56},"end":{"line":10,"column":60}}},"1":{"name":"(anonymous_5)","decl":{"start":{"line":13,"column":1},"end":{"line":13,"column":7}},"loc":{"start":{"line":13,"column":48},"end":{"line":15,"column":2}}},"2":{"name":"(anonymous_6)","decl":{"start":{"line":18,"column":1},"end":{"line":18,"column":8}},"loc":{"start":{"line":18,"column":8},"end":{"line":20,"column":2}}},"3":{"name":"(anonymous_7)","decl":{"start":{"line":23,"column":3},"end":{"line":23,"column":10}},"loc":{"start":{"line":23,"column":36},"end":{"line":25,"column":4}}},"4":{"name":"(anonymous_8)","decl":{"start":{"line":28,"column":2},"end":{"line":28,"column":8}},"loc":{"start":{"line":28,"column":45},"end":{"line":30,"column":3}}},"5":{"name":"(anonymous_9)","decl":{"start":{"line":33,"column":2},"end":{"line":33,"column":8}},"loc":{"start":{"line":33,"column":32},"end":{"line":35,"column":3}}}},"branchMap":{},"s":{"0":1,"1":1,"2":1,"3":1,"4":1,"5":3,"6":0,"7":0,"8":1,"9":1,"10":0,"11":1,"12":1,"13":1,"14":1,"15":1,"16":1},"f":{"0":3,"1":0,"2":0,"3":1,"4":1,"5":0},"b":{}}
,"/Users/raul/_bootcampf5/proyectos/uknow_all/uknow-backend/src/users/users.module.ts": {"path":"/Users/raul/_bootcampf5/proyectos/uknow_all/uknow-backend/src/users/users.module.ts","statementMap":{"0":{"start":{"line":1,"column":0},"end":{"line":1,"column":40}},"1":{"start":{"line":2,"column":0},"end":{"line":2,"column":47}},"2":{"start":{"line":3,"column":0},"end":{"line":3,"column":53}},"3":{"start":{"line":4,"column":0},"end":{"line":4,"column":50}},"4":{"start":{"line":5,"column":0},"end":{"line":5,"column":57}},"5":{"start":{"line":20,"column":24},"end":{"line":20,"column":null}},"6":{"start":{"line":20,"column":13},"end":{"line":20,"column":null}}},"fnMap":{},"branchMap":{},"s":{"0":0,"1":0,"2":0,"3":0,"4":0,"5":0,"6":0},"f":{},"b":{}}
,"/Users/raul/_bootcampf5/proyectos/uknow_all/uknow-backend/src/users/users.service.ts": {"path":"/Users/raul/_bootcampf5/proyectos/uknow_all/uknow-backend/src/users/users.service.ts","statementMap":{"0":{"start":{"line":1,"column":0},"end":{"line":1,"column":44}},"1":{"start":{"line":3,"column":0},"end":{"line":3,"column":47}},"2":{"start":{"line":4,"column":0},"end":{"line":4,"column":44}},"3":{"start":{"line":5,"column":0},"end":{"line":5,"column":45}},"4":{"start":{"line":11,"column":25},"end":{"line":141,"column":null}},"5":{"start":{"line":13,"column":34},"end":{"line":13,"column":45}},"6":{"start":{"line":17,"column":2},"end":{"line":32,"column":null}},"7":{"start":{"line":18,"column":18},"end":{"line":18,"column":66}},"8":{"start":{"line":20,"column":3},"end":{"line":29,"column":null}},"9":{"start":{"line":21,"column":4},"end":{"line":21,"column":46}},"10":{"start":{"line":23,"column":4},"end":{"line":23,"column":40}},"11":{"start":{"line":24,"column":4},"end":{"line":28,"column":6}},"12":{"start":{"line":31,"column":3},"end":{"line":31,"column":15}},"13":{"start":{"line":36,"column":2},"end":{"line":45,"column":null}},"14":{"start":{"line":37,"column":17},"end":{"line":37,"column":78}},"15":{"start":{"line":38,"column":3},"end":{"line":42,"column":5}},"16":{"start":{"line":44,"column":3},"end":{"line":44,"column":15}},"17":{"start":{"line":49,"column":2},"end":{"line":49,"column":49}},"18":{"start":{"line":53,"column":2},"end":{"line":62,"column":null}},"19":{"start":{"line":54,"column":16},"end":{"line":54,"column":93}},"20":{"start":{"line":55,"column":3},"end":{"line":59,"column":5}},"21":{"start":{"line":61,"column":3},"end":{"line":61,"column":15}},"22":{"start":{"line":66,"column":2},"end":{"line":76,"column":null}},"23":{"start":{"line":68,"column":3},"end":{"line":68,"column":85}},"24":{"start":{"line":69,"column":3},"end":{"line":73,"column":5}},"25":{"start":{"line":75,"column":3},"end":{"line":75,"column":15}},"26":{"start":{"line":80,"column":2},"end":{"line":91,"column":null}},"27":{"start":{"line":81,"column":23},"end":{"line":82,"column":null}},"28":{"start":{"line":84,"column":3},"end":{"line":88,"column":5}},"29":{"start":{"line":90,"column":3},"end":{"line":90,"column":15}},"30":{"start":{"line":95,"column":2},"end":{"line":106,"column":null}},"31":{"start":{"line":96,"column":3},"end":{"line":98,"column":42}},"32":{"start":{"line":99,"column":3},"end":{"line":103,"column":5}},"33":{"start":{"line":105,"column":3},"end":{"line":105,"column":15}},"34":{"start":{"line":110,"column":2},"end":{"line":121,"column":null}},"35":{"start":{"line":111,"column":28},"end":{"line":112,"column":null}},"36":{"start":{"line":114,"column":3},"end":{"line":118,"column":5}},"37":{"start":{"line":120,"column":3},"end":{"line":120,"column":15}},"38":{"start":{"line":125,"column":2},"end":{"line":134,"column":null}},"39":{"start":{"line":126,"column":30},"end":{"line":126,"column":85}},"40":{"start":{"line":127,"column":3},"end":{"line":131,"column":5}},"41":{"start":{"line":138,"column":2},"end":{"line":138,"column":45}},"42":{"start":{"line":11,"column":13},"end":{"line":141,"column":null}}},"fnMap":{"0":{"name":"(anonymous_4)","decl":{"start":{"line":12,"column":1},"end":{"line":12,"column":null}},"loc":{"start":{"line":13,"column":56},"end":{"line":14,"column":6}}},"1":{"name":"(anonymous_5)","decl":{"start":{"line":16,"column":1},"end":{"line":16,"column":6}},"loc":{"start":{"line":16,"column":35},"end":{"line":33,"column":2}}},"2":{"name":"(anonymous_6)","decl":{"start":{"line":35,"column":1},"end":{"line":35,"column":6}},"loc":{"start":{"line":35,"column":14},"end":{"line":46,"column":2}}},"3":{"name":"(anonymous_7)","decl":{"start":{"line":48,"column":1},"end":{"line":48,"column":6}},"loc":{"start":{"line":48,"column":32},"end":{"line":50,"column":2}}},"4":{"name":"(anonymous_8)","decl":{"start":{"line":52,"column":1},"end":{"line":52,"column":6}},"loc":{"start":{"line":52,"column":28},"end":{"line":63,"column":2}}},"5":{"name":"(anonymous_9)","decl":{"start":{"line":65,"column":1},"end":{"line":65,"column":6}},"loc":{"start":{"line":65,"column":46},"end":{"line":77,"column":2}}},"6":{"name":"(anonymous_10)","decl":{"start":{"line":79,"column":1},"end":{"line":79,"column":6}},"loc":{"start":{"line":79,"column":33},"end":{"line":92,"column":2}}},"7":{"name":"(anonymous_11)","decl":{"start":{"line":94,"column":1},"end":{"line":94,"column":6}},"loc":{"start":{"line":94,"column":42},"end":{"line":107,"column":2}}},"8":{"name":"(anonymous_12)","decl":{"start":{"line":109,"column":1},"end":{"line":109,"column":6}},"loc":{"start":{"line":109,"column":50},"end":{"line":122,"column":2}}},"9":{"name":"(anonymous_13)","decl":{"start":{"line":124,"column":1},"end":{"line":124,"column":6}},"loc":{"start":{"line":124,"column":41},"end":{"line":135,"column":2}}},"10":{"name":"(anonymous_14)","decl":{"start":{"line":137,"column":1},"end":{"line":137,"column":7}},"loc":{"start":{"line":137,"column":18},"end":{"line":139,"column":2}}}},"branchMap":{"0":{"loc":{"start":{"line":20,"column":3},"end":{"line":29,"column":null}},"type":"if","locations":[{"start":{"line":20,"column":3},"end":{"line":29,"column":null}},{"start":{"line":22,"column":10},"end":{"line":29,"column":null}}]}},"s":{"0":6,"1":6,"2":6,"3":6,"4":6,"5":0,"6":0,"7":0,"8":0,"9":0,"10":0,"11":0,"12":0,"13":0,"14":0,"15":0,"16":0,"17":0,"18":0,"19":0,"20":0,"21":0,"22":0,"23":0,"24":0,"25":0,"26":0,"27":0,"28":0,"29":0,"30":0,"31":0,"32":0,"33":0,"34":0,"35":0,"36":0,"37":0,"38":0,"39":0,"40":0,"41":0,"42":6},"f":{"0":0,"1":0,"2":0,"3":0,"4":0,"5":0,"6":0,"7":0,"8":0,"9":0,"10":0},"b":{"0":[0,0]}}
,"/Users/raul/_bootcampf5/proyectos/uknow_all/uknow-backend/src/users/dto/create-user.dto.ts": {"path":"/Users/raul/_bootcampf5/proyectos/uknow_all/uknow-backend/src/users/dto/create-user.dto.ts","statementMap":{"0":{"start":{"line":1,"column":0},"end":{"line":1,"column":13}}},"fnMap":{},"branchMap":{},"s":{"0":0},"f":{},"b":{}}
,"/Users/raul/_bootcampf5/proyectos/uknow_all/uknow-backend/src/users/dto/update-user.dto.ts": {"path":"/Users/raul/_bootcampf5/proyectos/uknow_all/uknow-backend/src/users/dto/update-user.dto.ts","statementMap":{"0":{"start":{"line":1,"column":0},"end":{"line":1,"column":46}},"1":{"start":{"line":2,"column":0},"end":{"line":2,"column":66}},"2":{"start":{"line":5,"column":0},"end":{"line":5,"column":13}},"3":{"start":{"line":8,"column":2},"end":{"line":8,"column":null}},"4":{"start":{"line":13,"column":2},"end":{"line":13,"column":null}},"5":{"start":{"line":18,"column":2},"end":{"line":18,"column":null}}},"fnMap":{},"branchMap":{},"s":{"0":1,"1":1,"2":1,"3":1,"4":1,"5":1},"f":{},"b":{}}
,"/Users/raul/_bootcampf5/proyectos/uknow_all/uknow-backend/src/users/schemas/user.schema.ts": {"path":"/Users/raul/_bootcampf5/proyectos/uknow_all/uknow-backend/src/users/schemas/user.schema.ts","statementMap":{"0":{"start":{"line":2,"column":0},"end":{"line":2,"column":63}},"1":{"start":{"line":3,"column":0},"end":{"line":3,"column":46}},"2":{"start":{"line":4,"column":0},"end":{"line":4,"column":64}},"3":{"start":{"line":5,"column":0},"end":{"line":5,"column":61}},"4":{"start":{"line":10,"column":17},"end":{"line":74,"column":null}},"5":{"start":{"line":13,"column":3},"end":{"line":13,"column":null}},"6":{"start":{"line":17,"column":3},"end":{"line":17,"column":null}},"7":{"start":{"line":21,"column":3},"end":{"line":21,"column":null}},"8":{"start":{"line":25,"column":3},"end":{"line":25,"column":null}},"9":{"start":{"line":29,"column":3},"end":{"line":29,"column":null}},"10":{"start":{"line":33,"column":3},"end":{"line":37,"column":null}},"11":{"start":{"line":41,"column":3},"end":{"line":41,"column":null}},"12":{"start":{"line":50,"column":3},"end":{"line":53,"column":null}},"13":{"start":{"line":62,"column":3},"end":{"line":65,"column":null}},"14":{"start":{"line":69,"column":3},"end":{"line":69,"column":null}},"15":{"start":{"line":73,"column":3},"end":{"line":73,"column":null}},"16":{"start":{"line":10,"column":13},"end":{"line":74,"column":null}},"17":{"start":{"line":76,"column":13},"end":{"line":76,"column":61}}},"fnMap":{},"branchMap":{},"s":{"0":6,"1":6,"2":6,"3":6,"4":6,"5":6,"6":6,"7":6,"8":6,"9":6,"10":6,"11":6,"12":6,"13":6,"14":6,"15":6,"16":6,"17":6},"f":{},"b":{}}
,"/Users/raul/_bootcampf5/proyectos/uknow_all/uknow-backend/src/utils/mail-sender.ts": {"path":"/Users/raul/_bootcampf5/proyectos/uknow_all/uknow-backend/src/utils/mail-sender.ts","statementMap":{"0":{"start":{"line":2,"column":0},"end":{"line":2,"column":64}},"1":{"start":{"line":4,"column":25},"end":{"line":38,"column":1}},"2":{"start":{"line":6,"column":21},"end":{"line":13,"column":3}},"3":{"start":{"line":16,"column":17},"end":{"line":23,"column":3}},"4":{"start":{"line":25,"column":1},"end":{"line":37,"column":3}},"5":{"start":{"line":28,"column":3},"end":{"line":31,"column":null}},"6":{"start":{"line":29,"column":4},"end":{"line":29,"column":50}},"7":{"start":{"line":30,"column":4},"end":{"line":30,"column":27}},"8":{"start":{"line":33,"column":3},"end":{"line":33,"column":51}},"9":{"start":{"line":35,"column":3},"end":{"line":35,"column":59}},"10":{"start":{"line":4,"column":13},"end":{"line":4,"column":25}}},"fnMap":{"0":{"name":"(anonymous_0)","decl":{"start":{"line":4,"column":25},"end":{"line":4,"column":26}},"loc":{"start":{"line":4,"column":41},"end":{"line":38,"column":1}}},"1":{"name":"(anonymous_1)","decl":{"start":{"line":27,"column":2},"end":{"line":27,"column":3}},"loc":{"start":{"line":27,"column":57},"end":{"line":36,"column":3}}}},"branchMap":{"0":{"loc":{"start":{"line":28,"column":3},"end":{"line":31,"column":null}},"type":"if","locations":[{"start":{"line":28,"column":3},"end":{"line":31,"column":null}}]}},"s":{"0":2,"1":2,"2":0,"3":0,"4":0,"5":0,"6":0,"7":0,"8":0,"9":0,"10":2},"f":{"0":0,"1":0},"b":{"0":[0]}}
}
