{"/Users/raul/_bootcampf5/proyectos/uknow_all/uknow-backend/src/app.controller.ts": {"path":"/Users/raul/_bootcampf5/proyectos/uknow_all/uknow-backend/src/app.controller.ts","statementMap":{"0":{"start":{"line":1,"column":0},"end":{"line":1,"column":49}},"1":{"start":{"line":2,"column":0},"end":{"line":2,"column":43}},"2":{"start":{"line":5,"column":26},"end":{"line":12,"column":null}},"3":{"start":{"line":6,"column":30},"end":{"line":6,"column":42}},"4":{"start":{"line":10,"column":2},"end":{"line":10,"column":36}},"5":{"start":{"line":9,"column":1},"end":{"line":11,"column":null}},"6":{"start":{"line":5,"column":13},"end":{"line":12,"column":null}}},"fnMap":{"0":{"name":"(anonymous_2)","decl":{"start":{"line":6,"column":1},"end":{"line":6,"column":30}},"loc":{"start":{"line":6,"column":52},"end":{"line":6,"column":56}}},"1":{"name":"(anonymous_3)","decl":{"start":{"line":9,"column":1},"end":{"line":9,"column":9}},"loc":{"start":{"line":9,"column":9},"end":{"line":11,"column":2}}}},"branchMap":{},"s":{"0":1,"1":1,"2":1,"3":1,"4":1,"5":1,"6":1},"f":{"0":1,"1":1},"b":{}}
,"/Users/raul/_bootcampf5/proyectos/uknow_all/uknow-backend/src/app.module.ts": {"path":"/Users/raul/_bootcampf5/proyectos/uknow_all/uknow-backend/src/app.module.ts","statementMap":{"0":{"start":{"line":1,"column":0},"end":{"line":1,"column":40}},"1":{"start":{"line":2,"column":0},"end":{"line":2,"column":49}},"2":{"start":{"line":3,"column":0},"end":{"line":3,"column":43}},"3":{"start":{"line":4,"column":0},"end":{"line":4,"column":50}},"4":{"start":{"line":5,"column":0},"end":{"line":5,"column":51}},"5":{"start":{"line":6,"column":0},"end":{"line":6,"column":57}},"6":{"start":{"line":7,"column":0},"end":{"line":7,"column":48}},"7":{"start":{"line":8,"column":0},"end":{"line":8,"column":61}},"8":{"start":{"line":9,"column":0},"end":{"line":9,"column":48}},"9":{"start":{"line":48,"column":22},"end":{"line":48,"column":null}},"10":{"start":{"line":48,"column":13},"end":{"line":48,"column":null}},"11":{"start":{"line":19,"column":56},"end":{"line":22,"column":5}}},"fnMap":{"0":{"name":"(anonymous_1)","decl":{"start":{"line":19,"column":15},"end":{"line":19,"column":20}},"loc":{"start":{"line":19,"column":56},"end":{"line":22,"column":5}}}},"branchMap":{},"s":{"0":0,"1":0,"2":0,"3":0,"4":0,"5":0,"6":0,"7":0,"8":0,"9":0,"10":0,"11":0},"f":{"0":0},"b":{}}
,"/Users/raul/_bootcampf5/proyectos/uknow_all/uknow-backend/src/app.service.ts": {"path":"/Users/raul/_bootcampf5/proyectos/uknow_all/uknow-backend/src/app.service.ts","statementMap":{"0":{"start":{"line":1,"column":0},"end":{"line":1,"column":44}},"1":{"start":{"line":4,"column":23},"end":{"line":8,"column":null}},"2":{"start":{"line":6,"column":2},"end":{"line":6,"column":24}},"3":{"start":{"line":4,"column":13},"end":{"line":8,"column":null}}},"fnMap":{"0":{"name":"(anonymous_1)","decl":{"start":{"line":5,"column":1},"end":{"line":5,"column":9}},"loc":{"start":{"line":5,"column":9},"end":{"line":7,"column":2}}}},"branchMap":{},"s":{"0":1,"1":1,"2":1,"3":1},"f":{"0":1},"b":{}}
,"/Users/raul/_bootcampf5/proyectos/uknow_all/uknow-backend/src/main.ts": {"path":"/Users/raul/_bootcampf5/proyectos/uknow_all/uknow-backend/src/main.ts","statementMap":{"0":{"start":{"line":1,"column":0},"end":{"line":1,"column":43}},"1":{"start":{"line":2,"column":0},"end":{"line":2,"column":41}},"2":{"start":{"line":3,"column":0},"end":{"line":3,"column":65}},"3":{"start":{"line":4,"column":0},"end":{"line":4,"column":48}},"4":{"start":{"line":7,"column":13},"end":{"line":7,"column":48}},"5":{"start":{"line":10,"column":17},"end":{"line":14,"column":10}},"6":{"start":{"line":15,"column":18},"end":{"line":15,"column":60}},"7":{"start":{"line":18,"column":1},"end":{"line":18,"column":44}},"8":{"start":{"line":21,"column":1},"end":{"line":24,"column":5}},"9":{"start":{"line":26,"column":1},"end":{"line":26,"column":36}},"10":{"start":{"line":28,"column":0},"end":{"line":28,"column":12}}},"fnMap":{"0":{"name":"bootstrap","decl":{"start":{"line":6,"column":15},"end":{"line":6,"column":24}},"loc":{"start":{"line":6,"column":24},"end":{"line":27,"column":1}}}},"branchMap":{},"s":{"0":0,"1":0,"2":0,"3":0,"4":0,"5":0,"6":0,"7":0,"8":0,"9":0,"10":0},"f":{"0":0},"b":{}}
,"/Users/raul/_bootcampf5/proyectos/uknow_all/uknow-backend/src/auth/auth.controller.ts": {"path":"/Users/raul/_bootcampf5/proyectos/uknow_all/uknow-backend/src/auth/auth.controller.ts","statementMap":{"0":{"start":{"line":1,"column":0},"end":{"line":1,"column":79}},"1":{"start":{"line":2,"column":0},"end":{"line":2,"column":45}},"2":{"start":{"line":3,"column":0},"end":{"line":3,"column":59}},"3":{"start":{"line":4,"column":0},"end":{"line":4,"column":58}},"4":{"start":{"line":5,"column":0},"end":{"line":5,"column":56}},"5":{"start":{"line":6,"column":0},"end":{"line":6,"column":62}},"6":{"start":{"line":10,"column":27},"end":{"line":32,"column":null}},"7":{"start":{"line":11,"column":30},"end":{"line":11,"column":43}},"8":{"start":{"line":15,"column":2},"end":{"line":15,"column":38}},"9":{"start":{"line":20,"column":2},"end":{"line":20,"column":41}},"10":{"start":{"line":25,"column":2},"end":{"line":25,"column":55}},"11":{"start":{"line":30,"column":2},"end":{"line":30,"column":47}},"12":{"start":{"line":14,"column":1},"end":{"line":16,"column":null}},"13":{"start":{"line":19,"column":1},"end":{"line":21,"column":null}},"14":{"start":{"line":24,"column":1},"end":{"line":26,"column":null}},"15":{"start":{"line":29,"column":1},"end":{"line":31,"column":null}},"16":{"start":{"line":10,"column":13},"end":{"line":32,"column":null}}},"fnMap":{"0":{"name":"(anonymous_4)","decl":{"start":{"line":11,"column":1},"end":{"line":11,"column":30}},"loc":{"start":{"line":11,"column":54},"end":{"line":11,"column":58}}},"1":{"name":"(anonymous_5)","decl":{"start":{"line":14,"column":1},"end":{"line":14,"column":6}},"loc":{"start":{"line":14,"column":36},"end":{"line":16,"column":2}}},"2":{"name":"(anonymous_6)","decl":{"start":{"line":19,"column":1},"end":{"line":19,"column":7}},"loc":{"start":{"line":19,"column":37},"end":{"line":21,"column":2}}},"3":{"name":"(anonymous_7)","decl":{"start":{"line":24,"column":1},"end":{"line":24,"column":23}},"loc":{"start":{"line":24,"column":56},"end":{"line":26,"column":2}}},"4":{"name":"(anonymous_8)","decl":{"start":{"line":29,"column":1},"end":{"line":29,"column":15}},"loc":{"start":{"line":29,"column":45},"end":{"line":31,"column":2}}}},"branchMap":{},"s":{"0":1,"1":1,"2":1,"3":1,"4":1,"5":1,"6":1,"7":5,"8":1,"9":1,"10":1,"11":1,"12":1,"13":1,"14":1,"15":1,"16":1},"f":{"0":5,"1":1,"2":1,"3":1,"4":1},"b":{}}
,"/Users/raul/_bootcampf5/proyectos/uknow_all/uknow-backend/src/auth/auth.module.ts": {"path":"/Users/raul/_bootcampf5/proyectos/uknow_all/uknow-backend/src/auth/auth.module.ts","statementMap":{"0":{"start":{"line":1,"column":0},"end":{"line":1,"column":40}},"1":{"start":{"line":2,"column":0},"end":{"line":2,"column":45}},"2":{"start":{"line":3,"column":0},"end":{"line":3,"column":51}},"3":{"start":{"line":4,"column":0},"end":{"line":4,"column":53}},"4":{"start":{"line":5,"column":0},"end":{"line":5,"column":40}},"5":{"start":{"line":7,"column":0},"end":{"line":7,"column":61}},"6":{"start":{"line":24,"column":23},"end":{"line":24,"column":null}},"7":{"start":{"line":24,"column":13},"end":{"line":24,"column":null}},"8":{"start":{"line":13,"column":56},"end":{"line":16,"column":5}}},"fnMap":{"0":{"name":"(anonymous_1)","decl":{"start":{"line":13,"column":15},"end":{"line":13,"column":20}},"loc":{"start":{"line":13,"column":56},"end":{"line":16,"column":5}}}},"branchMap":{},"s":{"0":0,"1":0,"2":0,"3":0,"4":0,"5":0,"6":0,"7":0,"8":0},"f":{"0":0},"b":{}}
,"/Users/raul/_bootcampf5/proyectos/uknow_all/uknow-backend/src/auth/auth.service.ts": {"path":"/Users/raul/_bootcampf5/proyectos/uknow_all/uknow-backend/src/auth/auth.service.ts","statementMap":{"0":{"start":{"line":1,"column":0},"end":{"line":1,"column":101}},"1":{"start":{"line":2,"column":0},"end":{"line":2,"column":54}},"2":{"start":{"line":6,"column":0},"end":{"line":6,"column":41}},"3":{"start":{"line":7,"column":0},"end":{"line":7,"column":49}},"4":{"start":{"line":9,"column":0},"end":{"line":9,"column":48}},"5":{"start":{"line":12,"column":24},"end":{"line":109,"column":null}},"6":{"start":{"line":14,"column":12},"end":{"line":14,"column":25}},"7":{"start":{"line":15,"column":18},"end":{"line":15,"column":30}},"8":{"start":{"line":19,"column":2},"end":{"line":19,"column":46}},"9":{"start":{"line":23,"column":30},"end":{"line":23,"column":34}},"10":{"start":{"line":24,"column":19},"end":{"line":24,"column":61}},"11":{"start":{"line":25,"column":2},"end":{"line":25,"column":81}},"12":{"start":{"line":25,"column":17},"end":{"line":25,"column":81}},"13":{"start":{"line":27,"column":24},"end":{"line":27,"column":80}},"14":{"start":{"line":28,"column":2},"end":{"line":28,"column":90}},"15":{"start":{"line":28,"column":22},"end":{"line":28,"column":90}},"16":{"start":{"line":30,"column":18},"end":{"line":33,"column":4}},"17":{"start":{"line":35,"column":16},"end":{"line":35,"column":77}},"18":{"start":{"line":37,"column":2},"end":{"line":41,"column":4}},"19":{"start":{"line":45,"column":2},"end":{"line":55,"column":null}},"20":{"start":{"line":46,"column":3},"end":{"line":46,"column":61}},"21":{"start":{"line":47,"column":37},"end":{"line":47,"column":72}},"22":{"start":{"line":48,"column":3},"end":{"line":52,"column":5}},"23":{"start":{"line":54,"column":3},"end":{"line":54,"column":15}},"24":{"start":{"line":59,"column":18},"end":{"line":62,"column":4}},"25":{"start":{"line":64,"column":2},"end":{"line":76,"column":null}},"26":{"start":{"line":65,"column":17},"end":{"line":65,"column":79}},"27":{"start":{"line":66,"column":3},"end":{"line":66,"column":31}},"28":{"start":{"line":67,"column":37},"end":{"line":67,"column":85}},"29":{"start":{"line":68,"column":3},"end":{"line":68,"column":26}},"30":{"start":{"line":69,"column":3},"end":{"line":73,"column":5}},"31":{"start":{"line":75,"column":3},"end":{"line":75,"column":15}},"32":{"start":{"line":80,"column":2},"end":{"line":94,"column":null}},"33":{"start":{"line":81,"column":26},"end":{"line":81,"column":137}},"34":{"start":{"line":82,"column":3},"end":{"line":82,"column":18}},"35":{"start":{"line":83,"column":3},"end":{"line":83,"column":22}},"36":{"start":{"line":84,"column":3},"end":{"line":84,"column":61}},"37":{"start":{"line":85,"column":3},"end":{"line":85,"column":28}},"38":{"start":{"line":86,"column":3},"end":{"line":86,"column":47}},"39":{"start":{"line":87,"column":3},"end":{"line":91,"column":5}},"40":{"start":{"line":93,"column":3},"end":{"line":93,"column":15}},"41":{"start":{"line":98,"column":2},"end":{"line":103,"column":null}},"42":{"start":{"line":99,"column":16},"end":{"line":99,"column":33}},"43":{"start":{"line":100,"column":3},"end":{"line":100,"column":31}},"44":{"start":{"line":102,"column":3},"end":{"line":102,"column":44}},"45":{"start":{"line":107,"column":2},"end":{"line":107,"column":39}},"46":{"start":{"line":12,"column":13},"end":{"line":109,"column":null}}},"fnMap":{"0":{"name":"(anonymous_2)","decl":{"start":{"line":13,"column":1},"end":{"line":13,"column":null}},"loc":{"start":{"line":15,"column":40},"end":{"line":16,"column":5}}},"1":{"name":"(anonymous_3)","decl":{"start":{"line":18,"column":1},"end":{"line":18,"column":6}},"loc":{"start":{"line":18,"column":68},"end":{"line":20,"column":2}}},"2":{"name":"(anonymous_4)","decl":{"start":{"line":22,"column":1},"end":{"line":22,"column":6}},"loc":{"start":{"line":22,"column":34},"end":{"line":42,"column":2}}},"3":{"name":"(anonymous_5)","decl":{"start":{"line":44,"column":1},"end":{"line":44,"column":6}},"loc":{"start":{"line":44,"column":37},"end":{"line":56,"column":2}}},"4":{"name":"(anonymous_6)","decl":{"start":{"line":58,"column":1},"end":{"line":58,"column":6}},"loc":{"start":{"line":58,"column":53},"end":{"line":77,"column":2}}},"5":{"name":"(anonymous_7)","decl":{"start":{"line":79,"column":1},"end":{"line":79,"column":6}},"loc":{"start":{"line":79,"column":42},"end":{"line":95,"column":2}}},"6":{"name":"(anonymous_8)","decl":{"start":{"line":97,"column":1},"end":{"line":97,"column":6}},"loc":{"start":{"line":97,"column":39},"end":{"line":104,"column":2}}},"7":{"name":"(anonymous_9)","decl":{"start":{"line":106,"column":1},"end":{"line":106,"column":6}},"loc":{"start":{"line":106,"column":52},"end":{"line":108,"column":2}}}},"branchMap":{"0":{"loc":{"start":{"line":25,"column":2},"end":{"line":25,"column":81}},"type":"if","locations":[{"start":{"line":25,"column":2},"end":{"line":25,"column":81}}]},"1":{"loc":{"start":{"line":28,"column":2},"end":{"line":28,"column":90}},"type":"if","locations":[{"start":{"line":28,"column":2},"end":{"line":28,"column":90}}]}},"s":{"0":2,"1":2,"2":2,"3":2,"4":2,"5":2,"6":5,"7":5,"8":1,"9":1,"10":1,"11":1,"12":0,"13":1,"14":1,"15":0,"16":1,"17":1,"18":1,"19":1,"20":1,"21":1,"22":1,"23":0,"24":1,"25":1,"26":1,"27":1,"28":1,"29":1,"30":1,"31":0,"32":1,"33":1,"34":1,"35":1,"36":1,"37":1,"38":1,"39":1,"40":0,"41":2,"42":2,"43":2,"44":0,"45":0,"46":2},"f":{"0":5,"1":1,"2":1,"3":1,"4":1,"5":1,"6":2,"7":0},"b":{"0":[0],"1":[0]}}
,"/Users/raul/_bootcampf5/proyectos/uknow_all/uknow-backend/src/auth/dto/get-user-login.dto.ts": {"path":"/Users/raul/_bootcampf5/proyectos/uknow_all/uknow-backend/src/auth/dto/get-user-login.dto.ts","statementMap":{"0":{"start":{"line":1,"column":0},"end":{"line":1,"column":46}},"1":{"start":{"line":2,"column":0},"end":{"line":2,"column":64}},"2":{"start":{"line":4,"column":0},"end":{"line":4,"column":13}},"3":{"start":{"line":8,"column":2},"end":{"line":8,"column":null}},"4":{"start":{"line":13,"column":2},"end":{"line":13,"column":null}}},"fnMap":{},"branchMap":{},"s":{"0":1,"1":1,"2":1,"3":1,"4":1},"f":{},"b":{}}
,"/Users/raul/_bootcampf5/proyectos/uknow_all/uknow-backend/src/auth/dto/recover-request.dto.ts": {"path":"/Users/raul/_bootcampf5/proyectos/uknow_all/uknow-backend/src/auth/dto/recover-request.dto.ts","statementMap":{"0":{"start":{"line":2,"column":0},"end":{"line":2,"column":46}},"1":{"start":{"line":4,"column":0},"end":{"line":4,"column":65}},"2":{"start":{"line":6,"column":0},"end":{"line":6,"column":13}},"3":{"start":{"line":10,"column":4},"end":{"line":10,"column":null}},"4":{"start":{"line":15,"column":2},"end":{"line":15,"column":null}},"5":{"start":{"line":18,"column":2},"end":{"line":18,"column":null}}},"fnMap":{},"branchMap":{},"s":{"0":1,"1":1,"2":1,"3":1,"4":1,"5":1},"f":{},"b":{}}
,"/Users/raul/_bootcampf5/proyectos/uknow_all/uknow-backend/src/auth/dto/recover-user.dto.ts": {"path":"/Users/raul/_bootcampf5/proyectos/uknow_all/uknow-backend/src/auth/dto/recover-user.dto.ts","statementMap":{"0":{"start":{"line":1,"column":0},"end":{"line":1,"column":46}},"1":{"start":{"line":2,"column":0},"end":{"line":2,"column":72}},"2":{"start":{"line":5,"column":0},"end":{"line":5,"column":13}},"3":{"start":{"line":7,"column":2},"end":{"line":7,"column":null}},"4":{"start":{"line":10,"column":2},"end":{"line":10,"column":null}},"5":{"start":{"line":14,"column":2},"end":{"line":14,"column":null}},"6":{"start":{"line":19,"column":2},"end":{"line":19,"column":null}}},"fnMap":{},"branchMap":{},"s":{"0":1,"1":1,"2":1,"3":1,"4":1,"5":1,"6":1},"f":{},"b":{}}
,"/Users/raul/_bootcampf5/proyectos/uknow_all/uknow-backend/src/auth/dto/register-user.dto.ts": {"path":"/Users/raul/_bootcampf5/proyectos/uknow_all/uknow-backend/src/auth/dto/register-user.dto.ts","statementMap":{"0":{"start":{"line":1,"column":0},"end":{"line":1,"column":46}},"1":{"start":{"line":2,"column":0},"end":{"line":2,"column":63}},"2":{"start":{"line":4,"column":0},"end":{"line":4,"column":13}},"3":{"start":{"line":8,"column":2},"end":{"line":8,"column":null}},"4":{"start":{"line":13,"column":2},"end":{"line":13,"column":null}},"5":{"start":{"line":18,"column":2},"end":{"line":18,"column":null}},"6":{"start":{"line":22,"column":2},"end":{"line":22,"column":null}}},"fnMap":{},"branchMap":{},"s":{"0":2,"1":2,"2":2,"3":2,"4":2,"5":2,"6":2},"f":{},"b":{}}
,"/Users/raul/_bootcampf5/proyectos/uknow_all/uknow-backend/src/auth/guards/auth.guard.ts": {"path":"/Users/raul/_bootcampf5/proyectos/uknow_all/uknow-backend/src/auth/guards/auth.guard.ts","statementMap":{"0":{"start":{"line":1,"column":0},"end":{"line":1,"column":98}},"1":{"start":{"line":2,"column":0},"end":{"line":2,"column":41}},"2":{"start":{"line":6,"column":22},"end":{"line":35,"column":null}},"3":{"start":{"line":9,"column":10},"end":{"line":9,"column":22}},"4":{"start":{"line":13,"column":18},"end":{"line":13,"column":53}},"5":{"start":{"line":14,"column":16},"end":{"line":14,"column":53}},"6":{"start":{"line":16,"column":2},"end":{"line":16,"column":52}},"7":{"start":{"line":16,"column":13},"end":{"line":16,"column":52}},"8":{"start":{"line":18,"column":2},"end":{"line":24,"column":null}},"9":{"start":{"line":19,"column":19},"end":{"line":19,"column":116}},"10":{"start":{"line":20,"column":3},"end":{"line":20,"column":29}},"11":{"start":{"line":21,"column":3},"end":{"line":21,"column":15}},"12":{"start":{"line":23,"column":3},"end":{"line":23,"column":37}},"13":{"start":{"line":28,"column":2},"end":{"line":33,"column":null}},"14":{"start":{"line":29,"column":27},"end":{"line":29,"column":63}},"15":{"start":{"line":30,"column":3},"end":{"line":30,"column":48}},"16":{"start":{"line":32,"column":3},"end":{"line":32,"column":37}},"17":{"start":{"line":6,"column":13},"end":{"line":35,"column":null}}},"fnMap":{"0":{"name":"(anonymous_2)","decl":{"start":{"line":8,"column":1},"end":{"line":8,"column":null}},"loc":{"start":{"line":9,"column":32},"end":{"line":10,"column":5}}},"1":{"name":"(anonymous_3)","decl":{"start":{"line":12,"column":1},"end":{"line":12,"column":6}},"loc":{"start":{"line":12,"column":44},"end":{"line":25,"column":2}}},"2":{"name":"(anonymous_4)","decl":{"start":{"line":27,"column":9},"end":{"line":27,"column":32}},"loc":{"start":{"line":27,"column":45},"end":{"line":34,"column":2}}}},"branchMap":{"0":{"loc":{"start":{"line":16,"column":2},"end":{"line":16,"column":52}},"type":"if","locations":[{"start":{"line":16,"column":2},"end":{"line":16,"column":52}}]},"1":{"loc":{"start":{"line":30,"column":10},"end":{"line":30,"column":47}},"type":"cond-expr","locations":[{"start":{"line":30,"column":30},"end":{"line":30,"column":35}},{"start":{"line":30,"column":38},"end":{"line":30,"column":47}}]}},"s":{"0":0,"1":0,"2":0,"3":0,"4":0,"5":0,"6":0,"7":0,"8":0,"9":0,"10":0,"11":0,"12":0,"13":0,"14":0,"15":0,"16":0,"17":0},"f":{"0":0,"1":0,"2":0},"b":{"0":[0],"1":[0,0]}}
,"/Users/raul/_bootcampf5/proyectos/uknow_all/uknow-backend/src/auth/guards/role.guard.ts": {"path":"/Users/raul/_bootcampf5/proyectos/uknow_all/uknow-backend/src/auth/guards/role.guard.ts","statementMap":{"0":{"start":{"line":1,"column":0},"end":{"line":1,"column":71}},"1":{"start":{"line":2,"column":0},"end":{"line":2,"column":41}},"2":{"start":{"line":6,"column":23},"end":{"line":23,"column":null}},"3":{"start":{"line":7,"column":21},"end":{"line":7,"column":32}},"4":{"start":{"line":10,"column":16},"end":{"line":10,"column":113}},"5":{"start":{"line":11,"column":2},"end":{"line":13,"column":null}},"6":{"start":{"line":12,"column":3},"end":{"line":12,"column":16}},"7":{"start":{"line":14,"column":18},"end":{"line":14,"column":53}},"8":{"start":{"line":15,"column":20},"end":{"line":15,"column":53}},"9":{"start":{"line":16,"column":2},"end":{"line":16,"column":46}},"10":{"start":{"line":20,"column":2},"end":{"line":20,"column":68}},"11":{"start":{"line":20,"column":16},"end":{"line":20,"column":68}},"12":{"start":{"line":20,"column":42},"end":{"line":20,"column":66}},"13":{"start":{"line":21,"column":2},"end":{"line":21,"column":76}},"14":{"start":{"line":6,"column":13},"end":{"line":23,"column":null}}},"fnMap":{"0":{"name":"(anonymous_2)","decl":{"start":{"line":7,"column":1},"end":{"line":7,"column":21}},"loc":{"start":{"line":7,"column":41},"end":{"line":7,"column":45}}},"1":{"name":"(anonymous_3)","decl":{"start":{"line":8,"column":1},"end":{"line":8,"column":12}},"loc":{"start":{"line":8,"column":38},"end":{"line":17,"column":2}}},"2":{"name":"(anonymous_4)","decl":{"start":{"line":19,"column":1},"end":{"line":19,"column":14}},"loc":{"start":{"line":19,"column":51},"end":{"line":22,"column":2}}},"3":{"name":"(anonymous_5)","decl":{"start":{"line":20,"column":34},"end":{"line":20,"column":38}},"loc":{"start":{"line":20,"column":42},"end":{"line":20,"column":66}}}},"branchMap":{"0":{"loc":{"start":{"line":11,"column":2},"end":{"line":13,"column":null}},"type":"if","locations":[{"start":{"line":11,"column":2},"end":{"line":13,"column":null}}]},"1":{"loc":{"start":{"line":15,"column":20},"end":{"line":15,"column":53}},"type":"cond-expr","locations":[{"start":{"line":15,"column":41},"end":{"line":15,"column":43}},{"start":{"line":15,"column":41},"end":{"line":15,"column":53}}]},"2":{"loc":{"start":{"line":15,"column":20},"end":{"line":15,"column":43}},"type":"binary-expr","locations":[{"start":{"line":15,"column":20},"end":{"line":15,"column":43}},{"start":{"line":15,"column":41},"end":{"line":15,"column":43}}]},"3":{"loc":{"start":{"line":15,"column":20},"end":{"line":15,"column":41}},"type":"cond-expr","locations":[{"start":{"line":15,"column":35},"end":{"line":15,"column":37}},{"start":{"line":15,"column":35},"end":{"line":15,"column":41}}]},"4":{"loc":{"start":{"line":15,"column":20},"end":{"line":15,"column":37}},"type":"binary-expr","locations":[{"start":{"line":15,"column":20},"end":{"line":15,"column":37}},{"start":{"line":15,"column":35},"end":{"line":15,"column":37}}]},"5":{"loc":{"start":{"line":20,"column":2},"end":{"line":20,"column":68}},"type":"if","locations":[{"start":{"line":20,"column":2},"end":{"line":20,"column":68}}]}},"s":{"0":0,"1":0,"2":0,"3":0,"4":0,"5":0,"6":0,"7":0,"8":0,"9":0,"10":0,"11":0,"12":0,"13":0,"14":0},"f":{"0":0,"1":0,"2":0,"3":0},"b":{"0":[0],"1":[0,0],"2":[0,0],"3":[0,0],"4":[0,0],"5":[0]}}
,"/Users/raul/_bootcampf5/proyectos/uknow_all/uknow-backend/src/auth/guards/roles.enum.ts": {"path":"/Users/raul/_bootcampf5/proyectos/uknow_all/uknow-backend/src/auth/guards/roles.enum.ts","statementMap":{"0":{"start":{"line":1,"column":0},"end":{"line":1,"column":null}},"1":{"start":{"line":2,"column":4},"end":{"line":2,"column":null}},"2":{"start":{"line":3,"column":4},"end":{"line":3,"column":null}}},"fnMap":{"0":{"name":"(anonymous_0)","decl":{"start":{"line":1,"column":0},"end":{"line":1,"column":12}},"loc":{"start":{"line":1,"column":16},"end":{"line":4,"column":1}}}},"branchMap":{"0":{"loc":{"start":{"line":1,"column":12},"end":{"line":1,"column":null}},"type":"binary-expr","locations":[{"start":{"line":1,"column":12},"end":{"line":1,"column":16}},{"start":{"line":1,"column":16},"end":{"line":1,"column":null}}]}},"s":{"0":0,"1":0,"2":0},"f":{"0":0},"b":{"0":[0,0]}}
,"/Users/raul/_bootcampf5/proyectos/uknow_all/uknow-backend/src/auth/guards/roles.ts": {"path":"/Users/raul/_bootcampf5/proyectos/uknow_all/uknow-backend/src/auth/guards/roles.ts","statementMap":{"0":{"start":{"line":1,"column":0},"end":{"line":1,"column":45}},"1":{"start":{"line":4,"column":21},"end":{"line":4,"column":70}},"2":{"start":{"line":4,"column":43},"end":{"line":4,"column":70}},"3":{"start":{"line":4,"column":13},"end":{"line":4,"column":21}}},"fnMap":{"0":{"name":"(anonymous_0)","decl":{"start":{"line":4,"column":21},"end":{"line":4,"column":22}},"loc":{"start":{"line":4,"column":43},"end":{"line":4,"column":70}}}},"branchMap":{},"s":{"0":0,"1":0,"2":0,"3":0},"f":{"0":0},"b":{}}
,"/Users/raul/_bootcampf5/proyectos/uknow_all/uknow-backend/src/chat/chat.gateway.ts": {"path":"/Users/raul/_bootcampf5/proyectos/uknow_all/uknow-backend/src/chat/chat.gateway.ts","statementMap":{"0":{"start":{"line":1,"column":0},"end":{"line":1,"column":null}},"1":{"start":{"line":11,"column":0},"end":{"line":11,"column":43}},"2":{"start":{"line":18,"column":24},"end":{"line":56,"column":null}},"3":{"start":{"line":21,"column":1},"end":{"line":21,"column":11}},"4":{"start":{"line":24,"column":2},"end":{"line":24,"column":40}},"5":{"start":{"line":29,"column":2},"end":{"line":29,"column":32}},"6":{"start":{"line":30,"column":2},"end":{"line":30,"column":89}},"7":{"start":{"line":35,"column":2},"end":{"line":35,"column":86}},"8":{"start":{"line":36,"column":2},"end":{"line":36,"column":47}},"9":{"start":{"line":37,"column":2},"end":{"line":37,"column":68}},"10":{"start":{"line":47,"column":2},"end":{"line":47,"column":49}},"11":{"start":{"line":51,"column":2},"end":{"line":51,"column":15}},"12":{"start":{"line":52,"column":2},"end":{"line":52,"column":30}},"13":{"start":{"line":53,"column":2},"end":{"line":53,"column":40}},"14":{"start":{"line":20,"column":2},"end":{"line":20,"column":null}},"15":{"start":{"line":28,"column":7},"end":{"line":31,"column":null}},"16":{"start":{"line":34,"column":7},"end":{"line":38,"column":null}},"17":{"start":{"line":18,"column":13},"end":{"line":56,"column":null}}},"fnMap":{"0":{"name":"(anonymous_2)","decl":{"start":{"line":18,"column":7},"end":{"line":18,"column":13}},"loc":{"start":{"line":18,"column":7},"end":{"line":56,"column":1}}},"1":{"name":"(anonymous_3)","decl":{"start":{"line":23,"column":1},"end":{"line":23,"column":10}},"loc":{"start":{"line":23,"column":25},"end":{"line":25,"column":2}}},"2":{"name":"(anonymous_4)","decl":{"start":{"line":28,"column":1},"end":{"line":28,"column":6}},"loc":{"start":{"line":28,"column":38},"end":{"line":31,"column":2}}},"3":{"name":"(anonymous_5)","decl":{"start":{"line":34,"column":1},"end":{"line":34,"column":6}},"loc":{"start":{"line":34,"column":26},"end":{"line":38,"column":2}}},"4":{"name":"(anonymous_6)","decl":{"start":{"line":40,"column":1},"end":{"line":40,"column":6}},"loc":{"start":{"line":40,"column":36},"end":{"line":48,"column":2}}},"5":{"name":"(anonymous_7)","decl":{"start":{"line":50,"column":1},"end":{"line":50,"column":6}},"loc":{"start":{"line":50,"column":23},"end":{"line":54,"column":2}}}},"branchMap":{},"s":{"0":0,"1":0,"2":0,"3":0,"4":0,"5":0,"6":0,"7":0,"8":0,"9":0,"10":0,"11":0,"12":0,"13":0,"14":0,"15":0,"16":0,"17":0},"f":{"0":0,"1":0,"2":0,"3":0,"4":0,"5":0},"b":{}}
,"/Users/raul/_bootcampf5/proyectos/uknow_all/uknow-backend/src/chat/chat.module.ts": {"path":"/Users/raul/_bootcampf5/proyectos/uknow_all/uknow-backend/src/chat/chat.module.ts","statementMap":{"0":{"start":{"line":1,"column":0},"end":{"line":1,"column":40}},"1":{"start":{"line":2,"column":0},"end":{"line":2,"column":45}},"2":{"start":{"line":7,"column":23},"end":{"line":7,"column":null}},"3":{"start":{"line":7,"column":13},"end":{"line":7,"column":null}}},"fnMap":{},"branchMap":{},"s":{"0":0,"1":0,"2":0,"3":0},"f":{},"b":{}}
,"/Users/raul/_bootcampf5/proyectos/uknow_all/uknow-backend/src/courses/courses.controller.ts": {"path":"/Users/raul/_bootcampf5/proyectos/uknow_all/uknow-backend/src/courses/courses.controller.ts","statementMap":{"0":{"start":{"line":2,"column":0},"end":{"line":2,"column":101}},"1":{"start":{"line":3,"column":0},"end":{"line":3,"column":51}},"2":{"start":{"line":4,"column":0},"end":{"line":4,"column":58}},"3":{"start":{"line":5,"column":0},"end":{"line":5,"column":58}},"4":{"start":{"line":8,"column":0},"end":{"line":8,"column":55}},"5":{"start":{"line":9,"column":0},"end":{"line":9,"column":57}},"6":{"start":{"line":10,"column":0},"end":{"line":10,"column":46}},"7":{"start":{"line":11,"column":0},"end":{"line":11,"column":50}},"8":{"start":{"line":12,"column":0},"end":{"line":12,"column":56}},"9":{"start":{"line":15,"column":30},"end":{"line":104,"column":null}},"10":{"start":{"line":16,"column":30},"end":{"line":16,"column":46}},"11":{"start":{"line":21,"column":2},"end":{"line":21,"column":61}},"12":{"start":{"line":27,"column":3},"end":{"line":27,"column":57}},"13":{"start":{"line":32,"column":3},"end":{"line":32,"column":55}},"14":{"start":{"line":36,"column":3},"end":{"line":36,"column":57}},"15":{"start":{"line":42,"column":3},"end":{"line":42,"column":40}},"16":{"start":{"line":48,"column":3},"end":{"line":48,"column":56}},"17":{"start":{"line":53,"column":3},"end":{"line":53,"column":68}},"18":{"start":{"line":59,"column":3},"end":{"line":59,"column":73}},"19":{"start":{"line":64,"column":3},"end":{"line":64,"column":42}},"20":{"start":{"line":70,"column":3},"end":{"line":70,"column":64}},"21":{"start":{"line":78,"column":3},"end":{"line":78,"column":47}},"22":{"start":{"line":84,"column":3},"end":{"line":84,"column":62}},"23":{"start":{"line":90,"column":3},"end":{"line":90,"column":47}},"24":{"start":{"line":96,"column":3},"end":{"line":96,"column":54}},"25":{"start":{"line":102,"column":3},"end":{"line":102,"column":61}},"26":{"start":{"line":20,"column":1},"end":{"line":22,"column":null}},"27":{"start":{"line":26,"column":2},"end":{"line":28,"column":null}},"28":{"start":{"line":31,"column":2},"end":{"line":33,"column":null}},"29":{"start":{"line":35,"column":2},"end":{"line":37,"column":null}},"30":{"start":{"line":41,"column":2},"end":{"line":43,"column":null}},"31":{"start":{"line":47,"column":2},"end":{"line":49,"column":null}},"32":{"start":{"line":52,"column":2},"end":{"line":54,"column":null}},"33":{"start":{"line":58,"column":2},"end":{"line":60,"column":null}},"34":{"start":{"line":63,"column":2},"end":{"line":65,"column":null}},"35":{"start":{"line":69,"column":2},"end":{"line":71,"column":null}},"36":{"start":{"line":77,"column":2},"end":{"line":79,"column":null}},"37":{"start":{"line":83,"column":2},"end":{"line":85,"column":null}},"38":{"start":{"line":89,"column":2},"end":{"line":91,"column":null}},"39":{"start":{"line":95,"column":2},"end":{"line":97,"column":null}},"40":{"start":{"line":101,"column":2},"end":{"line":103,"column":null}},"41":{"start":{"line":15,"column":13},"end":{"line":104,"column":null}}},"fnMap":{"0":{"name":"(anonymous_4)","decl":{"start":{"line":16,"column":1},"end":{"line":16,"column":30}},"loc":{"start":{"line":16,"column":60},"end":{"line":16,"column":64}}},"1":{"name":"(anonymous_5)","decl":{"start":{"line":20,"column":1},"end":{"line":20,"column":7}},"loc":{"start":{"line":20,"column":83},"end":{"line":22,"column":2}}},"2":{"name":"(anonymous_6)","decl":{"start":{"line":26,"column":2},"end":{"line":26,"column":20}},"loc":{"start":{"line":26,"column":54},"end":{"line":28,"column":3}}},"3":{"name":"(anonymous_7)","decl":{"start":{"line":31,"column":2},"end":{"line":31,"column":24}},"loc":{"start":{"line":31,"column":24},"end":{"line":33,"column":3}}},"4":{"name":"(anonymous_8)","decl":{"start":{"line":35,"column":2},"end":{"line":35,"column":26}},"loc":{"start":{"line":35,"column":26},"end":{"line":37,"column":3}}},"5":{"name":"(anonymous_9)","decl":{"start":{"line":41,"column":2},"end":{"line":41,"column":9}},"loc":{"start":{"line":41,"column":9},"end":{"line":43,"column":3}}},"6":{"name":"(anonymous_10)","decl":{"start":{"line":47,"column":2},"end":{"line":47,"column":19}},"loc":{"start":{"line":47,"column":53},"end":{"line":49,"column":3}}},"7":{"name":"(anonymous_11)","decl":{"start":{"line":52,"column":2},"end":{"line":52,"column":8}},"loc":{"start":{"line":52,"column":23},"end":{"line":54,"column":3}}},"8":{"name":"(anonymous_12)","decl":{"start":{"line":58,"column":2},"end":{"line":58,"column":13}},"loc":{"start":{"line":58,"column":28},"end":{"line":60,"column":3}}},"9":{"name":"(anonymous_13)","decl":{"start":{"line":63,"column":2},"end":{"line":63,"column":9}},"loc":{"start":{"line":63,"column":35},"end":{"line":65,"column":3}}},"10":{"name":"(anonymous_14)","decl":{"start":{"line":69,"column":2},"end":{"line":69,"column":16}},"loc":{"start":{"line":69,"column":61},"end":{"line":71,"column":3}}},"11":{"name":"(anonymous_15)","decl":{"start":{"line":77,"column":2},"end":{"line":77,"column":14}},"loc":{"start":{"line":77,"column":40},"end":{"line":79,"column":3}}},"12":{"name":"(anonymous_16)","decl":{"start":{"line":83,"column":2},"end":{"line":83,"column":8}},"loc":{"start":{"line":83,"column":80},"end":{"line":85,"column":3}}},"13":{"name":"(anonymous_17)","decl":{"start":{"line":89,"column":2},"end":{"line":89,"column":14}},"loc":{"start":{"line":89,"column":40},"end":{"line":91,"column":3}}},"14":{"name":"(anonymous_18)","decl":{"start":{"line":95,"column":2},"end":{"line":95,"column":21}},"loc":{"start":{"line":95,"column":47},"end":{"line":97,"column":3}}},"15":{"name":"(anonymous_19)","decl":{"start":{"line":101,"column":2},"end":{"line":101,"column":11}},"loc":{"start":{"line":101,"column":82},"end":{"line":103,"column":3}}}},"branchMap":{},"s":{"0":0,"1":0,"2":0,"3":0,"4":0,"5":0,"6":0,"7":0,"8":0,"9":0,"10":0,"11":0,"12":0,"13":0,"14":0,"15":0,"16":0,"17":0,"18":0,"19":0,"20":0,"21":0,"22":0,"23":0,"24":0,"25":0,"26":0,"27":0,"28":0,"29":0,"30":0,"31":0,"32":0,"33":0,"34":0,"35":0,"36":0,"37":0,"38":0,"39":0,"40":0,"41":0},"f":{"0":0,"1":0,"2":0,"3":0,"4":0,"5":0,"6":0,"7":0,"8":0,"9":0,"10":0,"11":0,"12":0,"13":0,"14":0,"15":0},"b":{}}
,"/Users/raul/_bootcampf5/proyectos/uknow_all/uknow-backend/src/courses/courses.module.ts": {"path":"/Users/raul/_bootcampf5/proyectos/uknow_all/uknow-backend/src/courses/courses.module.ts","statementMap":{"0":{"start":{"line":1,"column":0},"end":{"line":1,"column":40}},"1":{"start":{"line":2,"column":0},"end":{"line":2,"column":51}},"2":{"start":{"line":3,"column":0},"end":{"line":3,"column":57}},"3":{"start":{"line":4,"column":0},"end":{"line":4,"column":50}},"4":{"start":{"line":5,"column":0},"end":{"line":5,"column":63}},"5":{"start":{"line":6,"column":0},"end":{"line":6,"column":53}},"6":{"start":{"line":21,"column":26},"end":{"line":21,"column":null}},"7":{"start":{"line":21,"column":13},"end":{"line":21,"column":null}}},"fnMap":{},"branchMap":{},"s":{"0":0,"1":0,"2":0,"3":0,"4":0,"5":0,"6":0,"7":0},"f":{},"b":{}}
,"/Users/raul/_bootcampf5/proyectos/uknow_all/uknow-backend/src/courses/courses.service.ts": {"path":"/Users/raul/_bootcampf5/proyectos/uknow_all/uknow-backend/src/courses/courses.service.ts","statementMap":{"0":{"start":{"line":1,"column":0},"end":{"line":1,"column":71}},"1":{"start":{"line":4,"column":0},"end":{"line":4,"column":47}},"2":{"start":{"line":5,"column":0},"end":{"line":5,"column":49}},"3":{"start":{"line":6,"column":0},"end":{"line":6,"column":43}},"4":{"start":{"line":7,"column":0},"end":{"line":7,"column":54}},"5":{"start":{"line":12,"column":27},"end":{"line":383,"column":null}},"6":{"start":{"line":14,"column":2},"end":{"line":14,"column":45}},"7":{"start":{"line":17,"column":21},"end":{"line":17,"column":34}},"8":{"start":{"line":18,"column":38},"end":{"line":18,"column":51}},"9":{"start":{"line":22,"column":2},"end":{"line":33,"column":null}},"10":{"start":{"line":23,"column":21},"end":{"line":23,"column":67}},"11":{"start":{"line":24,"column":3},"end":{"line":24,"column":60}},"12":{"start":{"line":26,"column":3},"end":{"line":30,"column":5}},"13":{"start":{"line":32,"column":3},"end":{"line":32,"column":15}},"14":{"start":{"line":37,"column":2},"end":{"line":47,"column":null}},"15":{"start":{"line":38,"column":22},"end":{"line":38,"column":51}},"16":{"start":{"line":40,"column":3},"end":{"line":44,"column":5}},"17":{"start":{"line":46,"column":3},"end":{"line":46,"column":15}},"18":{"start":{"line":51,"column":2},"end":{"line":70,"column":null}},"19":{"start":{"line":52,"column":37},"end":{"line":52,"column":88}},"20":{"start":{"line":54,"column":25},"end":{"line":54,"column":27}},"21":{"start":{"line":56,"column":19},"end":{"line":56,"column":54}},"22":{"start":{"line":57,"column":3},"end":{"line":57,"column":24}},"23":{"start":{"line":59,"column":3},"end":{"line":61,"column":6}},"24":{"start":{"line":60,"column":4},"end":{"line":60,"column":92}},"25":{"start":{"line":63,"column":3},"end":{"line":67,"column":5}},"26":{"start":{"line":69,"column":3},"end":{"line":69,"column":15}},"27":{"start":{"line":74,"column":2},"end":{"line":87,"column":null}},"28":{"start":{"line":75,"column":37},"end":{"line":77,"column":null}},"29":{"start":{"line":80,"column":3},"end":{"line":84,"column":5}},"30":{"start":{"line":86,"column":3},"end":{"line":86,"column":15}},"31":{"start":{"line":91,"column":2},"end":{"line":119,"column":null}},"32":{"start":{"line":92,"column":20},"end":{"line":92,"column":22}},"33":{"start":{"line":93,"column":22},"end":{"line":93,"column":40}},"34":{"start":{"line":96,"column":3},"end":{"line":103,"column":null}},"35":{"start":{"line":96,"column":30},"end":{"line":96,"column":40}},"36":{"start":{"line":96,"column":30},"end":{"line":96,"column":42}},"37":{"start":{"line":96,"column":26},"end":{"line":96,"column":30}},"38":{"start":{"line":97,"column":4},"end":{"line":101,"column":null}},"39":{"start":{"line":98,"column":5},"end":{"line":98,"column":39}},"40":{"start":{"line":99,"column":11},"end":{"line":101,"column":null}},"41":{"start":{"line":100,"column":5},"end":{"line":100,"column":23}},"42":{"start":{"line":102,"column":4},"end":{"line":102,"column":74}},"43":{"start":{"line":105,"column":3},"end":{"line":105,"column":42}},"44":{"start":{"line":107,"column":16},"end":{"line":107,"column":18}},"45":{"start":{"line":108,"column":27},"end":{"line":110,"column":5}},"46":{"start":{"line":109,"column":4},"end":{"line":109,"column":62}},"47":{"start":{"line":112,"column":3},"end":{"line":116,"column":5}},"48":{"start":{"line":118,"column":3},"end":{"line":118,"column":15}},"49":{"start":{"line":123,"column":21},"end":{"line":123,"column":23}},"50":{"start":{"line":124,"column":23},"end":{"line":124,"column":75}},"51":{"start":{"line":125,"column":36},"end":{"line":125,"column":113}},"52":{"start":{"line":129,"column":2},"end":{"line":150,"column":5}},"53":{"start":{"line":130,"column":20},"end":{"line":130,"column":30}},"54":{"start":{"line":131,"column":20},"end":{"line":131,"column":21}},"55":{"start":{"line":132,"column":19},"end":{"line":132,"column":20}},"56":{"start":{"line":135,"column":3},"end":{"line":143,"column":6}},"57":{"start":{"line":136,"column":21},"end":{"line":136,"column":61}},"58":{"start":{"line":137,"column":4},"end":{"line":142,"column":7}},"59":{"start":{"line":138,"column":5},"end":{"line":141,"column":null}},"60":{"start":{"line":139,"column":6},"end":{"line":139,"column":36}},"61":{"start":{"line":140,"column":6},"end":{"line":140,"column":18}},"62":{"start":{"line":144,"column":3},"end":{"line":149,"column":6}},"63":{"start":{"line":152,"column":15},"end":{"line":152,"column":17}},"64":{"start":{"line":153,"column":26},"end":{"line":157,"column":4}},"65":{"start":{"line":154,"column":3},"end":{"line":156,"column":32}},"66":{"start":{"line":159,"column":2},"end":{"line":164,"column":5}},"67":{"start":{"line":160,"column":3},"end":{"line":163,"column":null}},"68":{"start":{"line":161,"column":4},"end":{"line":161,"column":58}},"69":{"start":{"line":162,"column":4},"end":{"line":162,"column":45}},"70":{"start":{"line":166,"column":24},"end":{"line":166,"column":77}},"71":{"start":{"line":166,"column":55},"end":{"line":166,"column":76}},"72":{"start":{"line":169,"column":2},"end":{"line":173,"column":4}},"73":{"start":{"line":178,"column":6},"end":{"line":178,"column":62}},"74":{"start":{"line":180,"column":25},"end":{"line":180,"column":27}},"75":{"start":{"line":182,"column":18},"end":{"line":182,"column":54}},"76":{"start":{"line":183,"column":2},"end":{"line":185,"column":5}},"77":{"start":{"line":184,"column":3},"end":{"line":184,"column":69}},"78":{"start":{"line":187,"column":2},"end":{"line":191,"column":4}},"79":{"start":{"line":195,"column":2},"end":{"line":199,"column":4}},"80":{"start":{"line":197,"column":24},"end":{"line":197,"column":65}},"81":{"start":{"line":203,"column":2},"end":{"line":231,"column":null}},"82":{"start":{"line":204,"column":20},"end":{"line":204,"column":22}},"83":{"start":{"line":206,"column":22},"end":{"line":206,"column":40}},"84":{"start":{"line":208,"column":3},"end":{"line":215,"column":null}},"85":{"start":{"line":208,"column":30},"end":{"line":208,"column":40}},"86":{"start":{"line":208,"column":30},"end":{"line":208,"column":42}},"87":{"start":{"line":208,"column":26},"end":{"line":208,"column":30}},"88":{"start":{"line":209,"column":4},"end":{"line":213,"column":null}},"89":{"start":{"line":210,"column":5},"end":{"line":210,"column":39}},"90":{"start":{"line":211,"column":11},"end":{"line":213,"column":null}},"91":{"start":{"line":212,"column":5},"end":{"line":212,"column":23}},"92":{"start":{"line":214,"column":4},"end":{"line":214,"column":93}},"93":{"start":{"line":217,"column":3},"end":{"line":217,"column":42}},"94":{"start":{"line":219,"column":16},"end":{"line":219,"column":18}},"95":{"start":{"line":220,"column":27},"end":{"line":222,"column":5}},"96":{"start":{"line":221,"column":4},"end":{"line":221,"column":64}},"97":{"start":{"line":224,"column":3},"end":{"line":228,"column":5}},"98":{"start":{"line":230,"column":3},"end":{"line":230,"column":15}},"99":{"start":{"line":235,"column":2},"end":{"line":244,"column":null}},"100":{"start":{"line":236,"column":18},"end":{"line":236,"column":53}},"101":{"start":{"line":237,"column":3},"end":{"line":241,"column":5}},"102":{"start":{"line":243,"column":3},"end":{"line":243,"column":15}},"103":{"start":{"line":248,"column":2},"end":{"line":259,"column":null}},"104":{"start":{"line":249,"column":18},"end":{"line":249,"column":53}},"105":{"start":{"line":250,"column":3},"end":{"line":254,"column":5}},"106":{"start":{"line":257,"column":3},"end":{"line":257,"column":15}},"107":{"start":{"line":263,"column":2},"end":{"line":291,"column":null}},"108":{"start":{"line":265,"column":37},"end":{"line":265,"column":71}},"109":{"start":{"line":267,"column":19},"end":{"line":267,"column":55}},"110":{"start":{"line":270,"column":3},"end":{"line":283,"column":6}},"111":{"start":{"line":271,"column":4},"end":{"line":271,"column":31}},"112":{"start":{"line":272,"column":4},"end":{"line":282,"column":null}},"113":{"start":{"line":273,"column":5},"end":{"line":273,"column":33}},"114":{"start":{"line":274,"column":5},"end":{"line":279,"column":7}},"115":{"start":{"line":281,"column":5},"end":{"line":281,"column":41}},"116":{"start":{"line":284,"column":3},"end":{"line":288,"column":5}},"117":{"start":{"line":290,"column":3},"end":{"line":290,"column":15}},"118":{"start":{"line":295,"column":2},"end":{"line":317,"column":null}},"119":{"start":{"line":296,"column":18},"end":{"line":296,"column":61}},"120":{"start":{"line":298,"column":3},"end":{"line":314,"column":null}},"121":{"start":{"line":299,"column":4},"end":{"line":303,"column":7}},"122":{"start":{"line":300,"column":5},"end":{"line":303,"column":7}},"123":{"start":{"line":305,"column":4},"end":{"line":305,"column":50}},"124":{"start":{"line":307,"column":4},"end":{"line":311,"column":6}},"125":{"start":{"line":313,"column":4},"end":{"line":313,"column":71}},"126":{"start":{"line":316,"column":3},"end":{"line":316,"column":15}},"127":{"start":{"line":320,"column":2},"end":{"line":329,"column":null}},"128":{"start":{"line":321,"column":26},"end":{"line":321,"column":75}},"129":{"start":{"line":322,"column":3},"end":{"line":326,"column":5}},"130":{"start":{"line":328,"column":3},"end":{"line":328,"column":15}},"131":{"start":{"line":333,"column":2},"end":{"line":347,"column":null}},"132":{"start":{"line":334,"column":18},"end":{"line":334,"column":61}},"133":{"start":{"line":335,"column":3},"end":{"line":344,"column":null}},"134":{"start":{"line":336,"column":4},"end":{"line":336,"column":50}},"135":{"start":{"line":337,"column":4},"end":{"line":341,"column":6}},"136":{"start":{"line":343,"column":4},"end":{"line":343,"column":71}},"137":{"start":{"line":346,"column":3},"end":{"line":346,"column":15}},"138":{"start":{"line":351,"column":2},"end":{"line":381,"column":null}},"139":{"start":{"line":352,"column":16},"end":{"line":352,"column":79}},"140":{"start":{"line":353,"column":18},"end":{"line":353,"column":85}},"141":{"start":{"line":355,"column":3},"end":{"line":377,"column":null}},"142":{"start":{"line":356,"column":4},"end":{"line":356,"column":74}},"143":{"start":{"line":358,"column":4},"end":{"line":363,"column":null}},"144":{"start":{"line":359,"column":5},"end":{"line":362,"column":7}},"145":{"start":{"line":364,"column":4},"end":{"line":364,"column":40}},"146":{"start":{"line":365,"column":19},"end":{"line":369,"column":6}},"147":{"start":{"line":370,"column":4},"end":{"line":370,"column":69}},"148":{"start":{"line":372,"column":4},"end":{"line":376,"column":6}},"149":{"start":{"line":380,"column":3},"end":{"line":380,"column":15}},"150":{"start":{"line":12,"column":13},"end":{"line":383,"column":null}}},"fnMap":{"0":{"name":"(anonymous_11)","decl":{"start":{"line":13,"column":1},"end":{"line":13,"column":10}},"loc":{"start":{"line":13,"column":39},"end":{"line":15,"column":2}}},"1":{"name":"(anonymous_12)","decl":{"start":{"line":16,"column":1},"end":{"line":16,"column":null}},"loc":{"start":{"line":18,"column":64},"end":{"line":19,"column":5}}},"2":{"name":"(anonymous_13)","decl":{"start":{"line":21,"column":1},"end":{"line":21,"column":6}},"loc":{"start":{"line":21,"column":64},"end":{"line":34,"column":2}}},"3":{"name":"(anonymous_14)","decl":{"start":{"line":36,"column":1},"end":{"line":36,"column":6}},"loc":{"start":{"line":36,"column":14},"end":{"line":48,"column":2}}},"4":{"name":"(anonymous_15)","decl":{"start":{"line":50,"column":1},"end":{"line":50,"column":6}},"loc":{"start":{"line":50,"column":37},"end":{"line":71,"column":2}}},"5":{"name":"(anonymous_16)","decl":{"start":{"line":59,"column":19},"end":{"line":59,"column":25}},"loc":{"start":{"line":59,"column":27},"end":{"line":61,"column":4}}},"6":{"name":"(anonymous_17)","decl":{"start":{"line":73,"column":1},"end":{"line":73,"column":6}},"loc":{"start":{"line":73,"column":62},"end":{"line":88,"column":2}}},"7":{"name":"(anonymous_18)","decl":{"start":{"line":90,"column":1},"end":{"line":90,"column":6}},"loc":{"start":{"line":90,"column":52},"end":{"line":120,"column":2}}},"8":{"name":"(anonymous_19)","decl":{"start":{"line":108,"column":45},"end":{"line":108,"column":51}},"loc":{"start":{"line":108,"column":54},"end":{"line":110,"column":4}}},"9":{"name":"(anonymous_20)","decl":{"start":{"line":122,"column":1},"end":{"line":122,"column":6}},"loc":{"start":{"line":122,"column":29},"end":{"line":174,"column":2}}},"10":{"name":"(anonymous_21)","decl":{"start":{"line":129,"column":23},"end":{"line":129,"column":24}},"loc":{"start":{"line":129,"column":34},"end":{"line":150,"column":3}}},"11":{"name":"(anonymous_22)","decl":{"start":{"line":135,"column":16},"end":{"line":135,"column":17}},"loc":{"start":{"line":135,"column":34},"end":{"line":143,"column":4}}},"12":{"name":"(anonymous_23)","decl":{"start":{"line":137,"column":21},"end":{"line":137,"column":22}},"loc":{"start":{"line":137,"column":35},"end":{"line":142,"column":5}}},"13":{"name":"(anonymous_24)","decl":{"start":{"line":153,"column":44},"end":{"line":153,"column":45}},"loc":{"start":{"line":153,"column":55},"end":{"line":157,"column":3}}},"14":{"name":"(anonymous_25)","decl":{"start":{"line":159,"column":22},"end":{"line":159,"column":23}},"loc":{"start":{"line":159,"column":33},"end":{"line":164,"column":3}}},"15":{"name":"(anonymous_26)","decl":{"start":{"line":166,"column":45},"end":{"line":166,"column":46}},"loc":{"start":{"line":166,"column":55},"end":{"line":166,"column":76}}},"16":{"name":"(anonymous_27)","decl":{"start":{"line":176,"column":1},"end":{"line":176,"column":6}},"loc":{"start":{"line":176,"column":42},"end":{"line":192,"column":2}}},"17":{"name":"(anonymous_28)","decl":{"start":{"line":183,"column":18},"end":{"line":183,"column":19}},"loc":{"start":{"line":183,"column":29},"end":{"line":185,"column":3}}},"18":{"name":"(anonymous_29)","decl":{"start":{"line":194,"column":1},"end":{"line":194,"column":6}},"loc":{"start":{"line":194,"column":53},"end":{"line":200,"column":2}}},"19":{"name":"(anonymous_30)","decl":{"start":{"line":197,"column":4},"end":{"line":197,"column":9}},"loc":{"start":{"line":197,"column":24},"end":{"line":197,"column":65}}},"20":{"name":"(anonymous_31)","decl":{"start":{"line":202,"column":1},"end":{"line":202,"column":6}},"loc":{"start":{"line":202,"column":47},"end":{"line":232,"column":2}}},"21":{"name":"(anonymous_32)","decl":{"start":{"line":220,"column":45},"end":{"line":220,"column":46}},"loc":{"start":{"line":220,"column":56},"end":{"line":222,"column":4}}},"22":{"name":"(anonymous_33)","decl":{"start":{"line":234,"column":1},"end":{"line":234,"column":6}},"loc":{"start":{"line":234,"column":27},"end":{"line":245,"column":2}}},"23":{"name":"(anonymous_34)","decl":{"start":{"line":247,"column":1},"end":{"line":247,"column":6}},"loc":{"start":{"line":247,"column":32},"end":{"line":260,"column":2}}},"24":{"name":"(anonymous_35)","decl":{"start":{"line":262,"column":1},"end":{"line":262,"column":6}},"loc":{"start":{"line":262,"column":57},"end":{"line":292,"column":2}}},"25":{"name":"(anonymous_36)","decl":{"start":{"line":270,"column":19},"end":{"line":270,"column":24}},"loc":{"start":{"line":270,"column":36},"end":{"line":283,"column":4}}},"26":{"name":"(anonymous_37)","decl":{"start":{"line":294,"column":1},"end":{"line":294,"column":6}},"loc":{"start":{"line":294,"column":32},"end":{"line":318,"column":2}}},"27":{"name":"(anonymous_38)","decl":{"start":{"line":319,"column":1},"end":{"line":319,"column":6}},"loc":{"start":{"line":319,"column":31},"end":{"line":330,"column":2}}},"28":{"name":"(anonymous_39)","decl":{"start":{"line":332,"column":1},"end":{"line":332,"column":6}},"loc":{"start":{"line":332,"column":39},"end":{"line":348,"column":2}}},"29":{"name":"(anonymous_40)","decl":{"start":{"line":350,"column":1},"end":{"line":350,"column":6}},"loc":{"start":{"line":350,"column":58},"end":{"line":382,"column":2}}}},"branchMap":{"0":{"loc":{"start":{"line":97,"column":4},"end":{"line":101,"column":null}},"type":"if","locations":[{"start":{"line":97,"column":4},"end":{"line":101,"column":null}},{"start":{"line":99,"column":11},"end":{"line":101,"column":null}}]},"1":{"loc":{"start":{"line":99,"column":11},"end":{"line":101,"column":null}},"type":"if","locations":[{"start":{"line":99,"column":11},"end":{"line":101,"column":null}}]},"2":{"loc":{"start":{"line":109,"column":11},"end":{"line":109,"column":61}},"type":"cond-expr","locations":[{"start":{"line":109,"column":30},"end":{"line":109,"column":35}},{"start":{"line":109,"column":38},"end":{"line":109,"column":61}}]},"3":{"loc":{"start":{"line":138,"column":5},"end":{"line":141,"column":null}},"type":"if","locations":[{"start":{"line":138,"column":5},"end":{"line":141,"column":null}}]},"4":{"loc":{"start":{"line":154,"column":10},"end":{"line":156,"column":31}},"type":"cond-expr","locations":[{"start":{"line":155,"column":6},"end":{"line":155,"column":11}},{"start":{"line":156,"column":7},"end":{"line":156,"column":30}}]},"5":{"loc":{"start":{"line":154,"column":10},"end":{"line":154,"column":52}},"type":"binary-expr","locations":[{"start":{"line":154,"column":10},"end":{"line":154,"column":26}},{"start":{"line":154,"column":30},"end":{"line":154,"column":52}}]},"6":{"loc":{"start":{"line":160,"column":3},"end":{"line":163,"column":null}},"type":"if","locations":[{"start":{"line":160,"column":3},"end":{"line":163,"column":null}}]},"7":{"loc":{"start":{"line":209,"column":4},"end":{"line":213,"column":null}},"type":"if","locations":[{"start":{"line":209,"column":4},"end":{"line":213,"column":null}},{"start":{"line":211,"column":11},"end":{"line":213,"column":null}}]},"8":{"loc":{"start":{"line":211,"column":11},"end":{"line":213,"column":null}},"type":"if","locations":[{"start":{"line":211,"column":11},"end":{"line":213,"column":null}}]},"9":{"loc":{"start":{"line":221,"column":11},"end":{"line":221,"column":63}},"type":"cond-expr","locations":[{"start":{"line":221,"column":30},"end":{"line":221,"column":35}},{"start":{"line":221,"column":39},"end":{"line":221,"column":62}}]},"10":{"loc":{"start":{"line":272,"column":4},"end":{"line":282,"column":null}},"type":"if","locations":[{"start":{"line":272,"column":4},"end":{"line":282,"column":null}},{"start":{"line":280,"column":11},"end":{"line":282,"column":null}}]},"11":{"loc":{"start":{"line":298,"column":3},"end":{"line":314,"column":null}},"type":"if","locations":[{"start":{"line":298,"column":3},"end":{"line":314,"column":null}},{"start":{"line":312,"column":10},"end":{"line":314,"column":null}}]},"12":{"loc":{"start":{"line":299,"column":4},"end":{"line":303,"column":7}},"type":"if","locations":[{"start":{"line":299,"column":4},"end":{"line":303,"column":7}}]},"13":{"loc":{"start":{"line":335,"column":3},"end":{"line":344,"column":null}},"type":"if","locations":[{"start":{"line":335,"column":3},"end":{"line":344,"column":null}},{"start":{"line":342,"column":10},"end":{"line":344,"column":null}}]},"14":{"loc":{"start":{"line":355,"column":3},"end":{"line":377,"column":null}},"type":"if","locations":[{"start":{"line":355,"column":3},"end":{"line":377,"column":null}},{"start":{"line":357,"column":10},"end":{"line":377,"column":null}}]},"15":{"loc":{"start":{"line":358,"column":4},"end":{"line":363,"column":null}},"type":"if","locations":[{"start":{"line":358,"column":4},"end":{"line":363,"column":null}}]}},"s":{"0":0,"1":0,"2":0,"3":0,"4":0,"5":0,"6":0,"7":0,"8":0,"9":0,"10":0,"11":0,"12":0,"13":0,"14":0,"15":0,"16":0,"17":0,"18":0,"19":0,"20":0,"21":0,"22":0,"23":0,"24":0,"25":0,"26":0,"27":0,"28":0,"29":0,"30":0,"31":0,"32":0,"33":0,"34":0,"35":0,"36":0,"37":0,"38":0,"39":0,"40":0,"41":0,"42":0,"43":0,"44":0,"45":0,"46":0,"47":0,"48":0,"49":0,"50":0,"51":0,"52":0,"53":0,"54":0,"55":0,"56":0,"57":0,"58":0,"59":0,"60":0,"61":0,"62":0,"63":0,"64":0,"65":0,"66":0,"67":0,"68":0,"69":0,"70":0,"71":0,"72":0,"73":0,"74":0,"75":0,"76":0,"77":0,"78":0,"79":0,"80":0,"81":0,"82":0,"83":0,"84":0,"85":0,"86":0,"87":0,"88":0,"89":0,"90":0,"91":0,"92":0,"93":0,"94":0,"95":0,"96":0,"97":0,"98":0,"99":0,"100":0,"101":0,"102":0,"103":0,"104":0,"105":0,"106":0,"107":0,"108":0,"109":0,"110":0,"111":0,"112":0,"113":0,"114":0,"115":0,"116":0,"117":0,"118":0,"119":0,"120":0,"121":0,"122":0,"123":0,"124":0,"125":0,"126":0,"127":0,"128":0,"129":0,"130":0,"131":0,"132":0,"133":0,"134":0,"135":0,"136":0,"137":0,"138":0,"139":0,"140":0,"141":0,"142":0,"143":0,"144":0,"145":0,"146":0,"147":0,"148":0,"149":0,"150":0},"f":{"0":0,"1":0,"2":0,"3":0,"4":0,"5":0,"6":0,"7":0,"8":0,"9":0,"10":0,"11":0,"12":0,"13":0,"14":0,"15":0,"16":0,"17":0,"18":0,"19":0,"20":0,"21":0,"22":0,"23":0,"24":0,"25":0,"26":0,"27":0,"28":0,"29":0},"b":{"0":[0,0],"1":[0],"2":[0,0],"3":[0],"4":[0,0],"5":[0,0],"6":[0],"7":[0,0],"8":[0],"9":[0,0],"10":[0,0],"11":[0,0],"12":[0],"13":[0,0],"14":[0,0],"15":[0]}}
,"/Users/raul/_bootcampf5/proyectos/uknow_all/uknow-backend/src/courses/dto/buy-course.dto.ts": {"path":"/Users/raul/_bootcampf5/proyectos/uknow_all/uknow-backend/src/courses/dto/buy-course.dto.ts","statementMap":{"0":{"start":{"line":1,"column":0},"end":{"line":1,"column":46}},"1":{"start":{"line":3,"column":0},"end":{"line":3,"column":45}},"2":{"start":{"line":5,"column":0},"end":{"line":5,"column":13}},"3":{"start":{"line":8,"column":2},"end":{"line":8,"column":null}},"4":{"start":{"line":12,"column":2},"end":{"line":12,"column":null}}},"fnMap":{},"branchMap":{},"s":{"0":0,"1":0,"2":0,"3":0,"4":0},"f":{},"b":{}}
,"/Users/raul/_bootcampf5/proyectos/uknow_all/uknow-backend/src/courses/dto/create-course.dto.ts": {"path":"/Users/raul/_bootcampf5/proyectos/uknow_all/uknow-backend/src/courses/dto/create-course.dto.ts","statementMap":{"0":{"start":{"line":1,"column":0},"end":{"line":1,"column":46}},"1":{"start":{"line":2,"column":0},"end":{"line":2,"column":86}},"2":{"start":{"line":4,"column":0},"end":{"line":4,"column":null}},"3":{"start":{"line":5,"column":1},"end":{"line":5,"column":null}},"4":{"start":{"line":6,"column":1},"end":{"line":6,"column":null}},"5":{"start":{"line":7,"column":1},"end":{"line":7,"column":null}},"6":{"start":{"line":10,"column":0},"end":{"line":10,"column":13}},"7":{"start":{"line":14,"column":2},"end":{"line":14,"column":null}},"8":{"start":{"line":19,"column":2},"end":{"line":19,"column":null}},"9":{"start":{"line":25,"column":2},"end":{"line":25,"column":null}},"10":{"start":{"line":30,"column":2},"end":{"line":30,"column":null}},"11":{"start":{"line":35,"column":2},"end":{"line":35,"column":null}}},"fnMap":{"0":{"name":"(anonymous_2)","decl":{"start":{"line":4,"column":0},"end":{"line":4,"column":5}},"loc":{"start":{"line":4,"column":15},"end":{"line":8,"column":1}}}},"branchMap":{"0":{"loc":{"start":{"line":4,"column":5},"end":{"line":4,"column":null}},"type":"binary-expr","locations":[{"start":{"line":4,"column":5},"end":{"line":4,"column":15}},{"start":{"line":4,"column":5},"end":{"line":4,"column":null}}]}},"s":{"0":0,"1":0,"2":0,"3":0,"4":0,"5":0,"6":0,"7":0,"8":0,"9":0,"10":0,"11":0},"f":{"0":0},"b":{"0":[0,0]}}
,"/Users/raul/_bootcampf5/proyectos/uknow_all/uknow-backend/src/courses/dto/rate-course.dto.ts": {"path":"/Users/raul/_bootcampf5/proyectos/uknow_all/uknow-backend/src/courses/dto/rate-course.dto.ts","statementMap":{"0":{"start":{"line":1,"column":0},"end":{"line":1,"column":59}},"1":{"start":{"line":4,"column":0},"end":{"line":4,"column":68}},"2":{"start":{"line":6,"column":0},"end":{"line":6,"column":13}},"3":{"start":{"line":10,"column":2},"end":{"line":10,"column":null}},"4":{"start":{"line":14,"column":2},"end":{"line":14,"column":null}}},"fnMap":{},"branchMap":{},"s":{"0":0,"1":0,"2":0,"3":0,"4":0},"f":{},"b":{}}
,"/Users/raul/_bootcampf5/proyectos/uknow_all/uknow-backend/src/courses/dto/update-course.dto.ts": {"path":"/Users/raul/_bootcampf5/proyectos/uknow_all/uknow-backend/src/courses/dto/update-course.dto.ts","statementMap":{"0":{"start":{"line":1,"column":0},"end":{"line":1,"column":59}},"1":{"start":{"line":4,"column":0},"end":{"line":4,"column":79}},"2":{"start":{"line":6,"column":0},"end":{"line":6,"column":13}},"3":{"start":{"line":10,"column":2},"end":{"line":10,"column":null}},"4":{"start":{"line":14,"column":2},"end":{"line":14,"column":null}},"5":{"start":{"line":18,"column":2},"end":{"line":18,"column":null}},"6":{"start":{"line":22,"column":2},"end":{"line":22,"column":null}},"7":{"start":{"line":27,"column":2},"end":{"line":27,"column":null}},"8":{"start":{"line":31,"column":2},"end":{"line":31,"column":null}}},"fnMap":{},"branchMap":{},"s":{"0":0,"1":0,"2":0,"3":0,"4":0,"5":0,"6":0,"7":0,"8":0},"f":{},"b":{}}
,"/Users/raul/_bootcampf5/proyectos/uknow_all/uknow-backend/src/courses/schemas/course.schema.ts": {"path":"/Users/raul/_bootcampf5/proyectos/uknow_all/uknow-backend/src/courses/schemas/course.schema.ts","statementMap":{"0":{"start":{"line":3,"column":0},"end":{"line":3,"column":63}},"1":{"start":{"line":4,"column":0},"end":{"line":4,"column":46}},"2":{"start":{"line":7,"column":19},"end":{"line":34,"column":null}},"3":{"start":{"line":10,"column":3},"end":{"line":10,"column":null}},"4":{"start":{"line":14,"column":3},"end":{"line":14,"column":null}},"5":{"start":{"line":18,"column":3},"end":{"line":18,"column":null}},"6":{"start":{"line":22,"column":3},"end":{"line":22,"column":null}},"7":{"start":{"line":26,"column":3},"end":{"line":26,"column":null}},"8":{"start":{"line":29,"column":3},"end":{"line":29,"column":null}},"9":{"start":{"line":33,"column":5},"end":{"line":33,"column":null}},"10":{"start":{"line":7,"column":13},"end":{"line":34,"column":null}},"11":{"start":{"line":36,"column":13},"end":{"line":36,"column":65}}},"fnMap":{},"branchMap":{},"s":{"0":4,"1":4,"2":4,"3":4,"4":4,"5":4,"6":4,"7":4,"8":4,"9":4,"10":4,"11":4},"f":{},"b":{}}
,"/Users/raul/_bootcampf5/proyectos/uknow_all/uknow-backend/src/users/users.controller.ts": {"path":"/Users/raul/_bootcampf5/proyectos/uknow_all/uknow-backend/src/users/users.controller.ts","statementMap":{"0":{"start":{"line":2,"column":0},"end":{"line":2,"column":101}},"1":{"start":{"line":3,"column":0},"end":{"line":3,"column":47}},"2":{"start":{"line":4,"column":0},"end":{"line":4,"column":54}},"3":{"start":{"line":6,"column":0},"end":{"line":6,"column":64}},"4":{"start":{"line":8,"column":0},"end":{"line":8,"column":70}},"5":{"start":{"line":11,"column":28},"end":{"line":61,"column":null}},"6":{"start":{"line":12,"column":30},"end":{"line":12,"column":44}},"7":{"start":{"line":17,"column":2},"end":{"line":17,"column":51}},"8":{"start":{"line":23,"column":4},"end":{"line":23,"column":44}},"9":{"start":{"line":29,"column":4},"end":{"line":29,"column":41}},"10":{"start":{"line":35,"column":4},"end":{"line":35,"column":39}},"11":{"start":{"line":41,"column":4},"end":{"line":41,"column":51}},"12":{"start":{"line":47,"column":4},"end":{"line":47,"column":69}},"13":{"start":{"line":53,"column":4},"end":{"line":53,"column":51}},"14":{"start":{"line":59,"column":4},"end":{"line":59,"column":41}},"15":{"start":{"line":16,"column":1},"end":{"line":18,"column":null}},"16":{"start":{"line":22,"column":3},"end":{"line":24,"column":null}},"17":{"start":{"line":28,"column":3},"end":{"line":30,"column":null}},"18":{"start":{"line":34,"column":3},"end":{"line":36,"column":null}},"19":{"start":{"line":40,"column":3},"end":{"line":42,"column":null}},"20":{"start":{"line":46,"column":3},"end":{"line":48,"column":null}},"21":{"start":{"line":52,"column":3},"end":{"line":54,"column":null}},"22":{"start":{"line":58,"column":3},"end":{"line":60,"column":null}},"23":{"start":{"line":11,"column":13},"end":{"line":61,"column":null}}},"fnMap":{"0":{"name":"(anonymous_4)","decl":{"start":{"line":12,"column":1},"end":{"line":12,"column":30}},"loc":{"start":{"line":12,"column":56},"end":{"line":12,"column":60}}},"1":{"name":"(anonymous_5)","decl":{"start":{"line":16,"column":1},"end":{"line":16,"column":7}},"loc":{"start":{"line":16,"column":48},"end":{"line":18,"column":2}}},"2":{"name":"(anonymous_6)","decl":{"start":{"line":22,"column":3},"end":{"line":22,"column":15}},"loc":{"start":{"line":22,"column":15},"end":{"line":24,"column":4}}},"3":{"name":"(anonymous_7)","decl":{"start":{"line":28,"column":3},"end":{"line":28,"column":10}},"loc":{"start":{"line":28,"column":36},"end":{"line":30,"column":4}}},"4":{"name":"(anonymous_8)","decl":{"start":{"line":34,"column":3},"end":{"line":34,"column":10}},"loc":{"start":{"line":34,"column":10},"end":{"line":36,"column":4}}},"5":{"name":"(anonymous_9)","decl":{"start":{"line":40,"column":3},"end":{"line":40,"column":9}},"loc":{"start":{"line":40,"column":46},"end":{"line":42,"column":2}}},"6":{"name":"(anonymous_10)","decl":{"start":{"line":46,"column":3},"end":{"line":46,"column":20}},"loc":{"start":{"line":46,"column":71},"end":{"line":48,"column":4}}},"7":{"name":"(anonymous_11)","decl":{"start":{"line":52,"column":3},"end":{"line":52,"column":20}},"loc":{"start":{"line":52,"column":46},"end":{"line":54,"column":4}}},"8":{"name":"(anonymous_12)","decl":{"start":{"line":58,"column":3},"end":{"line":58,"column":9}},"loc":{"start":{"line":58,"column":33},"end":{"line":60,"column":4}}}},"branchMap":{},"s":{"0":1,"1":1,"2":1,"3":1,"4":1,"5":1,"6":5,"7":0,"8":0,"9":1,"10":0,"11":1,"12":1,"13":1,"14":0,"15":1,"16":1,"17":1,"18":1,"19":1,"20":1,"21":1,"22":1,"23":1},"f":{"0":5,"1":0,"2":0,"3":1,"4":0,"5":1,"6":1,"7":1,"8":0},"b":{}}
,"/Users/raul/_bootcampf5/proyectos/uknow_all/uknow-backend/src/users/users.module.ts": {"path":"/Users/raul/_bootcampf5/proyectos/uknow_all/uknow-backend/src/users/users.module.ts","statementMap":{"0":{"start":{"line":1,"column":0},"end":{"line":1,"column":40}},"1":{"start":{"line":2,"column":0},"end":{"line":2,"column":47}},"2":{"start":{"line":3,"column":0},"end":{"line":3,"column":53}},"3":{"start":{"line":4,"column":0},"end":{"line":4,"column":50}},"4":{"start":{"line":5,"column":0},"end":{"line":5,"column":57}},"5":{"start":{"line":6,"column":0},"end":{"line":6,"column":41}},"6":{"start":{"line":21,"column":24},"end":{"line":21,"column":null}},"7":{"start":{"line":21,"column":13},"end":{"line":21,"column":null}}},"fnMap":{},"branchMap":{},"s":{"0":0,"1":0,"2":0,"3":0,"4":0,"5":0,"6":0,"7":0},"f":{},"b":{}}
,"/Users/raul/_bootcampf5/proyectos/uknow_all/uknow-backend/src/users/users.service.ts": {"path":"/Users/raul/_bootcampf5/proyectos/uknow_all/uknow-backend/src/users/users.service.ts","statementMap":{"0":{"start":{"line":1,"column":0},"end":{"line":1,"column":115}},"1":{"start":{"line":3,"column":0},"end":{"line":3,"column":47}},"2":{"start":{"line":4,"column":0},"end":{"line":4,"column":54}},"3":{"start":{"line":5,"column":0},"end":{"line":5,"column":45}},"4":{"start":{"line":14,"column":25},"end":{"line":249,"column":null}},"5":{"start":{"line":16,"column":34},"end":{"line":16,"column":45}},"6":{"start":{"line":20,"column":2},"end":{"line":35,"column":null}},"7":{"start":{"line":21,"column":18},"end":{"line":21,"column":66}},"8":{"start":{"line":23,"column":3},"end":{"line":32,"column":null}},"9":{"start":{"line":24,"column":4},"end":{"line":24,"column":46}},"10":{"start":{"line":26,"column":4},"end":{"line":26,"column":40}},"11":{"start":{"line":27,"column":4},"end":{"line":31,"column":6}},"12":{"start":{"line":34,"column":3},"end":{"line":34,"column":15}},"13":{"start":{"line":39,"column":2},"end":{"line":51,"column":null}},"14":{"start":{"line":40,"column":3},"end":{"line":42,"column":5}},"15":{"start":{"line":44,"column":3},"end":{"line":48,"column":5}},"16":{"start":{"line":50,"column":3},"end":{"line":50,"column":15}},"17":{"start":{"line":55,"column":2},"end":{"line":64,"column":null}},"18":{"start":{"line":56,"column":17},"end":{"line":56,"column":78}},"19":{"start":{"line":57,"column":3},"end":{"line":61,"column":5}},"20":{"start":{"line":63,"column":3},"end":{"line":63,"column":15}},"21":{"start":{"line":68,"column":2},"end":{"line":79,"column":null}},"22":{"start":{"line":69,"column":17},"end":{"line":69,"column":44}},"23":{"start":{"line":70,"column":3},"end":{"line":74,"column":5}},"24":{"start":{"line":77,"column":3},"end":{"line":77,"column":15}},"25":{"start":{"line":83,"column":2},"end":{"line":83,"column":49}},"26":{"start":{"line":87,"column":2},"end":{"line":96,"column":null}},"27":{"start":{"line":88,"column":16},"end":{"line":88,"column":93}},"28":{"start":{"line":89,"column":3},"end":{"line":93,"column":5}},"29":{"start":{"line":95,"column":3},"end":{"line":95,"column":15}},"30":{"start":{"line":100,"column":2},"end":{"line":109,"column":null}},"31":{"start":{"line":101,"column":26},"end":{"line":101,"column":121}},"32":{"start":{"line":102,"column":3},"end":{"line":106,"column":5}},"33":{"start":{"line":108,"column":3},"end":{"line":108,"column":15}},"34":{"start":{"line":114,"column":2},"end":{"line":126,"column":null}},"35":{"start":{"line":115,"column":25},"end":{"line":115,"column":126}},"36":{"start":{"line":117,"column":3},"end":{"line":121,"column":5}},"37":{"start":{"line":124,"column":3},"end":{"line":124,"column":15}},"38":{"start":{"line":130,"column":2},"end":{"line":141,"column":null}},"39":{"start":{"line":131,"column":23},"end":{"line":132,"column":null}},"40":{"start":{"line":134,"column":3},"end":{"line":138,"column":5}},"41":{"start":{"line":140,"column":3},"end":{"line":140,"column":15}},"42":{"start":{"line":144,"column":2},"end":{"line":155,"column":null}},"43":{"start":{"line":145,"column":23},"end":{"line":146,"column":null}},"44":{"start":{"line":148,"column":3},"end":{"line":152,"column":5}},"45":{"start":{"line":154,"column":3},"end":{"line":154,"column":15}},"46":{"start":{"line":159,"column":2},"end":{"line":170,"column":null}},"47":{"start":{"line":160,"column":3},"end":{"line":162,"column":42}},"48":{"start":{"line":163,"column":3},"end":{"line":167,"column":5}},"49":{"start":{"line":169,"column":3},"end":{"line":169,"column":15}},"50":{"start":{"line":174,"column":2},"end":{"line":185,"column":null}},"51":{"start":{"line":175,"column":28},"end":{"line":176,"column":null}},"52":{"start":{"line":178,"column":3},"end":{"line":182,"column":5}},"53":{"start":{"line":184,"column":3},"end":{"line":184,"column":15}},"54":{"start":{"line":189,"column":2},"end":{"line":198,"column":null}},"55":{"start":{"line":190,"column":30},"end":{"line":190,"column":85}},"56":{"start":{"line":191,"column":3},"end":{"line":195,"column":5}},"57":{"start":{"line":197,"column":3},"end":{"line":197,"column":15}},"58":{"start":{"line":202,"column":2},"end":{"line":212,"column":null}},"59":{"start":{"line":203,"column":20},"end":{"line":203,"column":64}},"60":{"start":{"line":204,"column":3},"end":{"line":204,"column":82}},"61":{"start":{"line":204,"column":18},"end":{"line":204,"column":82}},"62":{"start":{"line":205,"column":3},"end":{"line":209,"column":5}},"63":{"start":{"line":211,"column":3},"end":{"line":211,"column":15}},"64":{"start":{"line":216,"column":2},"end":{"line":229,"column":null}},"65":{"start":{"line":217,"column":23},"end":{"line":219,"column":30}},"66":{"start":{"line":220,"column":3},"end":{"line":220,"column":92}},"67":{"start":{"line":220,"column":20},"end":{"line":220,"column":92}},"68":{"start":{"line":222,"column":3},"end":{"line":226,"column":5}},"69":{"start":{"line":228,"column":3},"end":{"line":228,"column":15}},"70":{"start":{"line":233,"column":2},"end":{"line":233,"column":45}},"71":{"start":{"line":237,"column":17},"end":{"line":245,"column":6}},"72":{"start":{"line":247,"column":4},"end":{"line":247,"column":59}},"73":{"start":{"line":14,"column":13},"end":{"line":249,"column":null}}},"fnMap":{"0":{"name":"(anonymous_4)","decl":{"start":{"line":15,"column":1},"end":{"line":15,"column":null}},"loc":{"start":{"line":16,"column":56},"end":{"line":17,"column":6}}},"1":{"name":"(anonymous_5)","decl":{"start":{"line":19,"column":1},"end":{"line":19,"column":6}},"loc":{"start":{"line":19,"column":35},"end":{"line":36,"column":2}}},"2":{"name":"(anonymous_6)","decl":{"start":{"line":38,"column":1},"end":{"line":38,"column":6}},"loc":{"start":{"line":38,"column":75},"end":{"line":52,"column":2}}},"3":{"name":"(anonymous_7)","decl":{"start":{"line":54,"column":1},"end":{"line":54,"column":6}},"loc":{"start":{"line":54,"column":14},"end":{"line":65,"column":2}}},"4":{"name":"(anonymous_8)","decl":{"start":{"line":67,"column":1},"end":{"line":67,"column":6}},"loc":{"start":{"line":67,"column":19},"end":{"line":80,"column":2}}},"5":{"name":"(anonymous_9)","decl":{"start":{"line":82,"column":1},"end":{"line":82,"column":6}},"loc":{"start":{"line":82,"column":32},"end":{"line":84,"column":2}}},"6":{"name":"(anonymous_10)","decl":{"start":{"line":86,"column":1},"end":{"line":86,"column":6}},"loc":{"start":{"line":86,"column":28},"end":{"line":97,"column":2}}},"7":{"name":"(anonymous_11)","decl":{"start":{"line":99,"column":1},"end":{"line":99,"column":6}},"loc":{"start":{"line":99,"column":46},"end":{"line":110,"column":2}}},"8":{"name":"(anonymous_12)","decl":{"start":{"line":112,"column":1},"end":{"line":112,"column":6}},"loc":{"start":{"line":112,"column":44},"end":{"line":127,"column":2}}},"9":{"name":"(anonymous_13)","decl":{"start":{"line":129,"column":1},"end":{"line":129,"column":6}},"loc":{"start":{"line":129,"column":33},"end":{"line":142,"column":2}}},"10":{"name":"(anonymous_14)","decl":{"start":{"line":143,"column":1},"end":{"line":143,"column":6}},"loc":{"start":{"line":143,"column":44},"end":{"line":156,"column":2}}},"11":{"name":"(anonymous_15)","decl":{"start":{"line":158,"column":1},"end":{"line":158,"column":6}},"loc":{"start":{"line":158,"column":42},"end":{"line":171,"column":2}}},"12":{"name":"(anonymous_16)","decl":{"start":{"line":173,"column":1},"end":{"line":173,"column":6}},"loc":{"start":{"line":173,"column":50},"end":{"line":186,"column":2}}},"13":{"name":"(anonymous_17)","decl":{"start":{"line":188,"column":1},"end":{"line":188,"column":6}},"loc":{"start":{"line":188,"column":41},"end":{"line":199,"column":2}}},"14":{"name":"(anonymous_18)","decl":{"start":{"line":201,"column":1},"end":{"line":201,"column":6}},"loc":{"start":{"line":201,"column":37},"end":{"line":213,"column":2}}},"15":{"name":"(anonymous_19)","decl":{"start":{"line":215,"column":1},"end":{"line":215,"column":6}},"loc":{"start":{"line":215,"column":62},"end":{"line":230,"column":2}}},"16":{"name":"(anonymous_20)","decl":{"start":{"line":232,"column":1},"end":{"line":232,"column":7}},"loc":{"start":{"line":232,"column":18},"end":{"line":234,"column":2}}},"17":{"name":"(anonymous_21)","decl":{"start":{"line":236,"column":1},"end":{"line":236,"column":6}},"loc":{"start":{"line":236,"column":76},"end":{"line":248,"column":2}}}},"branchMap":{"0":{"loc":{"start":{"line":23,"column":3},"end":{"line":32,"column":null}},"type":"if","locations":[{"start":{"line":23,"column":3},"end":{"line":32,"column":null}},{"start":{"line":25,"column":10},"end":{"line":32,"column":null}}]},"1":{"loc":{"start":{"line":204,"column":3},"end":{"line":204,"column":82}},"type":"if","locations":[{"start":{"line":204,"column":3},"end":{"line":204,"column":82}}]},"2":{"loc":{"start":{"line":220,"column":3},"end":{"line":220,"column":92}},"type":"if","locations":[{"start":{"line":220,"column":3},"end":{"line":220,"column":92}}]}},"s":{"0":4,"1":4,"2":4,"3":4,"4":4,"5":0,"6":0,"7":0,"8":0,"9":0,"10":0,"11":0,"12":0,"13":0,"14":0,"15":0,"16":0,"17":0,"18":0,"19":0,"20":0,"21":0,"22":0,"23":0,"24":0,"25":0,"26":0,"27":0,"28":0,"29":0,"30":0,"31":0,"32":0,"33":0,"34":0,"35":0,"36":0,"37":0,"38":0,"39":0,"40":0,"41":0,"42":0,"43":0,"44":0,"45":0,"46":0,"47":0,"48":0,"49":0,"50":0,"51":0,"52":0,"53":0,"54":0,"55":0,"56":0,"57":0,"58":0,"59":0,"60":0,"61":0,"62":0,"63":0,"64":0,"65":0,"66":0,"67":0,"68":0,"69":0,"70":0,"71":0,"72":0,"73":4},"f":{"0":0,"1":0,"2":0,"3":0,"4":0,"5":0,"6":0,"7":0,"8":0,"9":0,"10":0,"11":0,"12":0,"13":0,"14":0,"15":0,"16":0,"17":0},"b":{"0":[0,0],"1":[0],"2":[0]}}
,"/Users/raul/_bootcampf5/proyectos/uknow_all/uknow-backend/src/users/dto/create-user.dto.ts": {"path":"/Users/raul/_bootcampf5/proyectos/uknow_all/uknow-backend/src/users/dto/create-user.dto.ts","statementMap":{"0":{"start":{"line":1,"column":0},"end":{"line":1,"column":13}}},"fnMap":{},"branchMap":{},"s":{"0":0},"f":{},"b":{}}
,"/Users/raul/_bootcampf5/proyectos/uknow_all/uknow-backend/src/users/dto/update-user-byadmin.dto .ts": {"path":"/Users/raul/_bootcampf5/proyectos/uknow_all/uknow-backend/src/users/dto/update-user-byadmin.dto .ts","statementMap":{"0":{"start":{"line":1,"column":0},"end":{"line":1,"column":46}},"1":{"start":{"line":2,"column":0},"end":{"line":2,"column":94}},"2":{"start":{"line":5,"column":0},"end":{"line":5,"column":13}},"3":{"start":{"line":8,"column":2},"end":{"line":8,"column":null}},"4":{"start":{"line":13,"column":2},"end":{"line":13,"column":null}},"5":{"start":{"line":18,"column":2},"end":{"line":18,"column":null}},"6":{"start":{"line":23,"column":2},"end":{"line":23,"column":null}},"7":{"start":{"line":27,"column":2},"end":{"line":27,"column":null}},"8":{"start":{"line":32,"column":2},"end":{"line":32,"column":null}},"9":{"start":{"line":36,"column":2},"end":{"line":36,"column":null}},"10":{"start":{"line":40,"column":2},"end":{"line":40,"column":null}},"11":{"start":{"line":44,"column":2},"end":{"line":44,"column":null}},"12":{"start":{"line":48,"column":2},"end":{"line":48,"column":null}},"13":{"start":{"line":52,"column":2},"end":{"line":52,"column":null}},"14":{"start":{"line":56,"column":2},"end":{"line":56,"column":null}}},"fnMap":{},"branchMap":{},"s":{"0":1,"1":1,"2":1,"3":1,"4":1,"5":1,"6":1,"7":1,"8":1,"9":1,"10":1,"11":1,"12":1,"13":1,"14":1},"f":{},"b":{}}
,"/Users/raul/_bootcampf5/proyectos/uknow_all/uknow-backend/src/users/dto/update-user.dto.ts": {"path":"/Users/raul/_bootcampf5/proyectos/uknow_all/uknow-backend/src/users/dto/update-user.dto.ts","statementMap":{"0":{"start":{"line":1,"column":0},"end":{"line":1,"column":46}},"1":{"start":{"line":2,"column":0},"end":{"line":2,"column":66}},"2":{"start":{"line":5,"column":0},"end":{"line":5,"column":13}},"3":{"start":{"line":8,"column":2},"end":{"line":8,"column":null}},"4":{"start":{"line":13,"column":2},"end":{"line":13,"column":null}},"5":{"start":{"line":18,"column":2},"end":{"line":18,"column":null}}},"fnMap":{},"branchMap":{},"s":{"0":1,"1":1,"2":1,"3":1,"4":1,"5":1},"f":{},"b":{}}
,"/Users/raul/_bootcampf5/proyectos/uknow_all/uknow-backend/src/users/schemas/user.schema.ts": {"path":"/Users/raul/_bootcampf5/proyectos/uknow_all/uknow-backend/src/users/schemas/user.schema.ts","statementMap":{"0":{"start":{"line":2,"column":0},"end":{"line":2,"column":63}},"1":{"start":{"line":3,"column":0},"end":{"line":3,"column":46}},"2":{"start":{"line":4,"column":0},"end":{"line":4,"column":97}},"3":{"start":{"line":5,"column":0},"end":{"line":5,"column":61}},"4":{"start":{"line":11,"column":17},"end":{"line":75,"column":null}},"5":{"start":{"line":14,"column":3},"end":{"line":14,"column":null}},"6":{"start":{"line":18,"column":3},"end":{"line":18,"column":null}},"7":{"start":{"line":22,"column":3},"end":{"line":22,"column":null}},"8":{"start":{"line":26,"column":3},"end":{"line":26,"column":null}},"9":{"start":{"line":30,"column":3},"end":{"line":30,"column":null}},"10":{"start":{"line":34,"column":3},"end":{"line":38,"column":null}},"11":{"start":{"line":42,"column":3},"end":{"line":42,"column":null}},"12":{"start":{"line":51,"column":3},"end":{"line":54,"column":null}},"13":{"start":{"line":63,"column":3},"end":{"line":66,"column":null}},"14":{"start":{"line":70,"column":3},"end":{"line":70,"column":null}},"15":{"start":{"line":74,"column":3},"end":{"line":74,"column":null}},"16":{"start":{"line":11,"column":13},"end":{"line":75,"column":null}},"17":{"start":{"line":77,"column":13},"end":{"line":77,"column":61}}},"fnMap":{},"branchMap":{},"s":{"0":4,"1":4,"2":4,"3":4,"4":4,"5":4,"6":4,"7":4,"8":4,"9":4,"10":4,"11":4,"12":4,"13":4,"14":4,"15":4,"16":4,"17":4},"f":{},"b":{}}
,"/Users/raul/_bootcampf5/proyectos/uknow_all/uknow-backend/src/utils/mail-sender.ts": {"path":"/Users/raul/_bootcampf5/proyectos/uknow_all/uknow-backend/src/utils/mail-sender.ts","statementMap":{"0":{"start":{"line":2,"column":0},"end":{"line":2,"column":64}},"1":{"start":{"line":4,"column":25},"end":{"line":44,"column":1}},"2":{"start":{"line":6,"column":21},"end":{"line":19,"column":3}},"3":{"start":{"line":22,"column":17},"end":{"line":29,"column":3}},"4":{"start":{"line":31,"column":1},"end":{"line":43,"column":3}},"5":{"start":{"line":34,"column":3},"end":{"line":37,"column":null}},"6":{"start":{"line":35,"column":4},"end":{"line":35,"column":50}},"7":{"start":{"line":36,"column":4},"end":{"line":36,"column":27}},"8":{"start":{"line":4,"column":13},"end":{"line":4,"column":25}}},"fnMap":{"0":{"name":"(anonymous_0)","decl":{"start":{"line":4,"column":25},"end":{"line":4,"column":26}},"loc":{"start":{"line":4,"column":41},"end":{"line":44,"column":1}}},"1":{"name":"(anonymous_1)","decl":{"start":{"line":33,"column":2},"end":{"line":33,"column":3}},"loc":{"start":{"line":33,"column":57},"end":{"line":42,"column":3}}}},"branchMap":{"0":{"loc":{"start":{"line":34,"column":3},"end":{"line":37,"column":null}},"type":"if","locations":[{"start":{"line":34,"column":3},"end":{"line":37,"column":null}}]}},"s":{"0":2,"1":2,"2":0,"3":0,"4":0,"5":0,"6":0,"7":0,"8":2},"f":{"0":0,"1":0},"b":{"0":[0]}}
}
