TN:
SF:src/app.controller.ts
FN:6,(anonymous_2)
FN:9,(anonymous_3)
FNF:2
FNH:2
FNDA:1,(anonymous_2)
FNDA:1,(anonymous_3)
DA:1,1
DA:2,1
DA:5,1
DA:6,1
DA:9,1
DA:10,1
LF:6
LH:6
BRF:0
BRH:0
end_of_record
TN:
SF:src/app.module.ts
FN:19,(anonymous_1)
FNF:1
FNH:0
FNDA:0,(anonymous_1)
DA:1,0
DA:2,0
DA:3,0
DA:4,0
DA:5,0
DA:6,0
DA:7,0
DA:8,0
DA:9,0
DA:19,0
DA:48,0
LF:11
LH:0
BRF:0
BRH:0
end_of_record
TN:
SF:src/app.service.ts
FN:5,(anonymous_1)
FNF:1
FNH:1
FNDA:1,(anonymous_1)
DA:1,1
DA:4,1
DA:6,1
LF:3
LH:3
BRF:0
BRH:0
end_of_record
TN:
SF:src/main.ts
FN:6,bootstrap
FNF:1
FNH:0
FNDA:0,bootstrap
DA:1,0
DA:2,0
DA:3,0
DA:4,0
DA:7,0
DA:10,0
DA:15,0
DA:18,0
DA:21,0
DA:26,0
DA:28,0
LF:11
LH:0
BRF:0
BRH:0
end_of_record
TN:
SF:src/auth/auth.controller.ts
FN:11,(anonymous_4)
FN:14,(anonymous_5)
FN:19,(anonymous_6)
FN:24,(anonymous_7)
FN:29,(anonymous_8)
FNF:5
FNH:5
FNDA:5,(anonymous_4)
FNDA:1,(anonymous_5)
FNDA:1,(anonymous_6)
FNDA:1,(anonymous_7)
FNDA:1,(anonymous_8)
DA:1,1
DA:2,1
DA:3,1
DA:4,1
DA:5,1
DA:6,1
DA:10,1
DA:11,5
DA:14,1
DA:15,1
DA:19,1
DA:20,1
DA:24,1
DA:25,1
DA:29,1
DA:30,1
LF:16
LH:16
BRF:0
BRH:0
end_of_record
TN:
SF:src/auth/auth.module.ts
FN:13,(anonymous_1)
FNF:1
FNH:0
FNDA:0,(anonymous_1)
DA:1,0
DA:2,0
DA:3,0
DA:4,0
DA:5,0
DA:7,0
DA:13,0
DA:24,0
LF:8
LH:0
BRF:0
BRH:0
end_of_record
TN:
SF:src/auth/auth.service.ts
FN:13,(anonymous_2)
FN:18,(anonymous_3)
FN:22,(anonymous_4)
FN:44,(anonymous_5)
FN:58,(anonymous_6)
FN:79,(anonymous_7)
FN:97,(anonymous_8)
FN:106,(anonymous_9)
FNF:8
FNH:7
FNDA:5,(anonymous_2)
FNDA:1,(anonymous_3)
FNDA:1,(anonymous_4)
FNDA:1,(anonymous_5)
FNDA:1,(anonymous_6)
FNDA:1,(anonymous_7)
FNDA:2,(anonymous_8)
FNDA:0,(anonymous_9)
DA:1,2
DA:2,2
DA:6,2
DA:7,2
DA:9,2
DA:12,2
DA:14,5
DA:15,5
DA:19,1
DA:23,1
DA:24,1
DA:25,1
DA:27,1
DA:28,1
DA:30,1
DA:35,1
DA:37,1
DA:45,1
DA:46,1
DA:47,1
DA:48,1
DA:54,0
DA:59,1
DA:64,1
DA:65,1
DA:66,1
DA:67,1
DA:68,1
DA:69,1
DA:75,0
DA:80,1
DA:81,1
DA:82,1
DA:83,1
DA:84,1
DA:85,1
DA:86,1
DA:87,1
DA:93,0
DA:98,2
DA:99,2
DA:100,2
DA:102,0
DA:107,0
LF:44
LH:39
BRDA:25,0,0,0
BRDA:28,1,0,0
BRF:2
BRH:0
end_of_record
TN:
SF:src/auth/dto/get-user-login.dto.ts
FNF:0
FNH:0
DA:1,1
DA:2,1
DA:4,1
DA:8,1
DA:13,1
LF:5
LH:5
BRF:0
BRH:0
end_of_record
TN:
SF:src/auth/dto/recover-request.dto.ts
FNF:0
FNH:0
DA:2,1
DA:4,1
DA:6,1
DA:10,1
DA:15,1
DA:18,1
LF:6
LH:6
BRF:0
BRH:0
end_of_record
TN:
SF:src/auth/dto/recover-user.dto.ts
FNF:0
FNH:0
DA:1,1
DA:2,1
DA:5,1
DA:7,1
DA:10,1
DA:14,1
DA:19,1
LF:7
LH:7
BRF:0
BRH:0
end_of_record
TN:
SF:src/auth/dto/register-user.dto.ts
FNF:0
FNH:0
DA:1,2
DA:2,2
DA:4,2
DA:8,2
DA:13,2
DA:18,2
DA:22,2
LF:7
LH:7
BRF:0
BRH:0
end_of_record
TN:
SF:src/auth/guards/auth.guard.ts
FN:8,(anonymous_2)
FN:12,(anonymous_3)
FN:27,(anonymous_4)
FNF:3
FNH:0
FNDA:0,(anonymous_2)
FNDA:0,(anonymous_3)
FNDA:0,(anonymous_4)
DA:1,0
DA:2,0
DA:6,0
DA:9,0
DA:13,0
DA:14,0
DA:16,0
DA:18,0
DA:19,0
DA:20,0
DA:21,0
DA:23,0
DA:28,0
DA:29,0
DA:30,0
DA:32,0
LF:16
LH:0
BRDA:16,0,0,0
BRDA:30,1,0,0
BRDA:30,1,1,0
BRF:3
BRH:0
end_of_record
TN:
SF:src/auth/guards/role.guard.ts
FN:7,(anonymous_2)
FN:8,(anonymous_3)
FN:19,(anonymous_4)
FN:20,(anonymous_5)
FNF:4
FNH:0
FNDA:0,(anonymous_2)
FNDA:0,(anonymous_3)
FNDA:0,(anonymous_4)
FNDA:0,(anonymous_5)
DA:1,0
DA:2,0
DA:6,0
DA:7,0
DA:10,0
DA:11,0
DA:12,0
DA:14,0
DA:15,0
DA:16,0
DA:20,0
DA:21,0
LF:12
LH:0
BRDA:11,0,0,0
BRDA:15,1,0,0
BRDA:15,1,1,0
BRDA:15,2,0,0
BRDA:15,2,1,0
BRDA:15,3,0,0
BRDA:15,3,1,0
BRDA:15,4,0,0
BRDA:15,4,1,0
BRDA:20,5,0,0
BRF:10
BRH:0
end_of_record
TN:
SF:src/auth/guards/roles.enum.ts
FN:1,(anonymous_0)
FNF:1
FNH:0
FNDA:0,(anonymous_0)
DA:1,0
DA:2,0
DA:3,0
LF:3
LH:0
BRDA:1,0,0,0
BRDA:1,0,1,0
BRF:2
BRH:0
end_of_record
TN:
SF:src/auth/guards/roles.ts
FN:4,(anonymous_0)
FNF:1
FNH:0
FNDA:0,(anonymous_0)
DA:1,0
DA:4,0
LF:2
LH:0
BRF:0
BRH:0
end_of_record
TN:
SF:src/chat/chat.gateway.ts
FN:18,(anonymous_2)
FN:23,(anonymous_3)
FN:28,(anonymous_4)
FN:34,(anonymous_5)
FN:40,(anonymous_6)
FN:50,(anonymous_7)
FNF:6
FNH:0
FNDA:0,(anonymous_2)
FNDA:0,(anonymous_3)
FNDA:0,(anonymous_4)
FNDA:0,(anonymous_5)
FNDA:0,(anonymous_6)
FNDA:0,(anonymous_7)
DA:1,0
DA:11,0
DA:18,0
DA:20,0
DA:21,0
DA:24,0
DA:28,0
DA:29,0
DA:30,0
DA:34,0
DA:35,0
DA:36,0
DA:37,0
DA:47,0
DA:51,0
DA:52,0
DA:53,0
LF:17
LH:0
BRF:0
BRH:0
end_of_record
TN:
SF:src/chat/chat.module.ts
FNF:0
FNH:0
DA:1,0
DA:2,0
DA:7,0
LF:3
LH:0
BRF:0
BRH:0
end_of_record
TN:
SF:src/courses/courses.controller.ts
FN:16,(anonymous_4)
FN:20,(anonymous_5)
FN:26,(anonymous_6)
FN:31,(anonymous_7)
FN:35,(anonymous_8)
FN:41,(anonymous_9)
FN:47,(anonymous_10)
FN:52,(anonymous_11)
FN:58,(anonymous_12)
FN:63,(anonymous_13)
FN:69,(anonymous_14)
FN:77,(anonymous_15)
FN:83,(anonymous_16)
FN:89,(anonymous_17)
FN:95,(anonymous_18)
FN:101,(anonymous_19)
FNF:16
FNH:0
FNDA:0,(anonymous_4)
FNDA:0,(anonymous_5)
FNDA:0,(anonymous_6)
FNDA:0,(anonymous_7)
FNDA:0,(anonymous_8)
FNDA:0,(anonymous_9)
FNDA:0,(anonymous_10)
FNDA:0,(anonymous_11)
FNDA:0,(anonymous_12)
FNDA:0,(anonymous_13)
FNDA:0,(anonymous_14)
FNDA:0,(anonymous_15)
FNDA:0,(anonymous_16)
FNDA:0,(anonymous_17)
FNDA:0,(anonymous_18)
FNDA:0,(anonymous_19)
DA:2,0
DA:3,0
DA:4,0
DA:5,0
DA:8,0
DA:9,0
DA:10,0
DA:11,0
DA:12,0
DA:15,0
DA:16,0
DA:20,0
DA:21,0
DA:26,0
DA:27,0
DA:31,0
DA:32,0
DA:35,0
DA:36,0
DA:41,0
DA:42,0
DA:47,0
DA:48,0
DA:52,0
DA:53,0
DA:58,0
DA:59,0
DA:63,0
DA:64,0
DA:69,0
DA:70,0
DA:77,0
DA:78,0
DA:83,0
DA:84,0
DA:89,0
DA:90,0
DA:95,0
DA:96,0
DA:101,0
DA:102,0
LF:41
LH:0
BRF:0
BRH:0
end_of_record
TN:
SF:src/courses/courses.module.ts
FNF:0
FNH:0
DA:1,0
DA:2,0
DA:3,0
DA:4,0
DA:5,0
DA:6,0
DA:21,0
LF:7
LH:0
BRF:0
BRH:0
end_of_record
TN:
SF:src/courses/courses.service.ts
FN:13,(anonymous_11)
FN:16,(anonymous_12)
FN:21,(anonymous_13)
FN:36,(anonymous_14)
FN:50,(anonymous_15)
FN:59,(anonymous_16)
FN:73,(anonymous_17)
FN:90,(anonymous_18)
FN:108,(anonymous_19)
FN:122,(anonymous_20)
FN:129,(anonymous_21)
FN:135,(anonymous_22)
FN:137,(anonymous_23)
FN:153,(anonymous_24)
FN:159,(anonymous_25)
FN:166,(anonymous_26)
FN:176,(anonymous_27)
FN:183,(anonymous_28)
FN:194,(anonymous_29)
FN:197,(anonymous_30)
FN:202,(anonymous_31)
FN:220,(anonymous_32)
FN:234,(anonymous_33)
FN:247,(anonymous_34)
FN:262,(anonymous_35)
FN:270,(anonymous_36)
FN:294,(anonymous_37)
FN:319,(anonymous_38)
FN:332,(anonymous_39)
FN:350,(anonymous_40)
FNF:30
FNH:0
FNDA:0,(anonymous_11)
FNDA:0,(anonymous_12)
FNDA:0,(anonymous_13)
FNDA:0,(anonymous_14)
FNDA:0,(anonymous_15)
FNDA:0,(anonymous_16)
FNDA:0,(anonymous_17)
FNDA:0,(anonymous_18)
FNDA:0,(anonymous_19)
FNDA:0,(anonymous_20)
FNDA:0,(anonymous_21)
FNDA:0,(anonymous_22)
FNDA:0,(anonymous_23)
FNDA:0,(anonymous_24)
FNDA:0,(anonymous_25)
FNDA:0,(anonymous_26)
FNDA:0,(anonymous_27)
FNDA:0,(anonymous_28)
FNDA:0,(anonymous_29)
FNDA:0,(anonymous_30)
FNDA:0,(anonymous_31)
FNDA:0,(anonymous_32)
FNDA:0,(anonymous_33)
FNDA:0,(anonymous_34)
FNDA:0,(anonymous_35)
FNDA:0,(anonymous_36)
FNDA:0,(anonymous_37)
FNDA:0,(anonymous_38)
FNDA:0,(anonymous_39)
FNDA:0,(anonymous_40)
DA:1,0
DA:4,0
DA:5,0
DA:6,0
DA:7,0
DA:12,0
DA:14,0
DA:17,0
DA:18,0
DA:22,0
DA:23,0
DA:24,0
DA:26,0
DA:32,0
DA:37,0
DA:38,0
DA:40,0
DA:46,0
DA:51,0
DA:52,0
DA:54,0
DA:56,0
DA:57,0
DA:59,0
DA:60,0
DA:63,0
DA:69,0
DA:74,0
DA:75,0
DA:80,0
DA:86,0
DA:91,0
DA:92,0
DA:93,0
DA:96,0
DA:97,0
DA:98,0
DA:99,0
DA:100,0
DA:102,0
DA:105,0
DA:107,0
DA:108,0
DA:109,0
DA:112,0
DA:118,0
DA:123,0
DA:124,0
DA:125,0
DA:129,0
DA:130,0
DA:131,0
DA:132,0
DA:135,0
DA:136,0
DA:137,0
DA:138,0
DA:139,0
DA:140,0
DA:144,0
DA:152,0
DA:153,0
DA:154,0
DA:159,0
DA:160,0
DA:161,0
DA:162,0
DA:166,0
DA:169,0
DA:178,0
DA:180,0
DA:182,0
DA:183,0
DA:184,0
DA:187,0
DA:195,0
DA:197,0
DA:203,0
DA:204,0
DA:206,0
DA:208,0
DA:209,0
DA:210,0
DA:211,0
DA:212,0
DA:214,0
DA:217,0
DA:219,0
DA:220,0
DA:221,0
DA:224,0
DA:230,0
DA:235,0
DA:236,0
DA:237,0
DA:243,0
DA:248,0
DA:249,0
DA:250,0
DA:257,0
DA:263,0
DA:265,0
DA:267,0
DA:270,0
DA:271,0
DA:272,0
DA:273,0
DA:274,0
DA:281,0
DA:284,0
DA:290,0
DA:295,0
DA:296,0
DA:298,0
DA:299,0
DA:300,0
DA:305,0
DA:307,0
DA:313,0
DA:316,0
DA:320,0
DA:321,0
DA:322,0
DA:328,0
DA:333,0
DA:334,0
DA:335,0
DA:336,0
DA:337,0
DA:343,0
DA:346,0
DA:351,0
DA:352,0
DA:353,0
DA:355,0
DA:356,0
DA:358,0
DA:359,0
DA:364,0
DA:365,0
DA:370,0
DA:372,0
DA:380,0
LF:143
LH:0
BRDA:97,0,0,0
BRDA:97,0,1,0
BRDA:99,1,0,0
BRDA:109,2,0,0
BRDA:109,2,1,0
BRDA:138,3,0,0
BRDA:154,4,0,0
BRDA:154,4,1,0
BRDA:154,5,0,0
BRDA:154,5,1,0
BRDA:160,6,0,0
BRDA:209,7,0,0
BRDA:209,7,1,0
BRDA:211,8,0,0
BRDA:221,9,0,0
BRDA:221,9,1,0
BRDA:272,10,0,0
BRDA:272,10,1,0
BRDA:298,11,0,0
BRDA:298,11,1,0
BRDA:299,12,0,0
BRDA:335,13,0,0
BRDA:335,13,1,0
BRDA:355,14,0,0
BRDA:355,14,1,0
BRDA:358,15,0,0
BRF:26
BRH:0
end_of_record
TN:
SF:src/courses/dto/buy-course.dto.ts
FNF:0
FNH:0
DA:1,0
DA:3,0
DA:5,0
DA:8,0
DA:12,0
LF:5
LH:0
BRF:0
BRH:0
end_of_record
TN:
SF:src/courses/dto/create-course.dto.ts
FN:4,(anonymous_2)
FNF:1
FNH:0
FNDA:0,(anonymous_2)
DA:1,0
DA:2,0
DA:4,0
DA:5,0
DA:6,0
DA:7,0
DA:10,0
DA:14,0
DA:19,0
DA:25,0
DA:30,0
DA:35,0
LF:12
LH:0
BRDA:4,0,0,0
BRDA:4,0,1,0
BRF:2
BRH:0
end_of_record
TN:
SF:src/courses/dto/rate-course.dto.ts
FNF:0
FNH:0
DA:1,0
DA:4,0
DA:6,0
DA:10,0
DA:14,0
LF:5
LH:0
BRF:0
BRH:0
end_of_record
TN:
SF:src/courses/dto/update-course.dto.ts
FNF:0
FNH:0
DA:1,0
DA:4,0
DA:6,0
DA:10,0
DA:14,0
DA:18,0
DA:22,0
DA:27,0
DA:31,0
LF:9
LH:0
BRF:0
BRH:0
end_of_record
TN:
SF:src/courses/schemas/course.schema.ts
FNF:0
FNH:0
DA:3,4
DA:4,4
DA:7,4
DA:10,4
DA:14,4
DA:18,4
DA:22,4
DA:26,4
DA:29,4
DA:33,4
DA:36,4
LF:11
LH:11
BRF:0
BRH:0
end_of_record
TN:
SF:src/users/users.controller.ts
FN:12,(anonymous_4)
FN:16,(anonymous_5)
FN:22,(anonymous_6)
FN:28,(anonymous_7)
FN:34,(anonymous_8)
FN:40,(anonymous_9)
FN:46,(anonymous_10)
FN:52,(anonymous_11)
FN:58,(anonymous_12)
FNF:9
FNH:5
FNDA:5,(anonymous_4)
FNDA:0,(anonymous_5)
FNDA:0,(anonymous_6)
FNDA:1,(anonymous_7)
FNDA:0,(anonymous_8)
FNDA:1,(anonymous_9)
FNDA:1,(anonymous_10)
FNDA:1,(anonymous_11)
FNDA:0,(anonymous_12)
DA:2,1
DA:3,1
DA:4,1
DA:6,1
DA:8,1
DA:11,1
DA:12,5
DA:16,1
DA:17,0
DA:22,1
DA:23,0
DA:28,1
DA:29,1
DA:34,1
DA:35,0
DA:40,1
DA:41,1
DA:46,1
DA:47,1
DA:52,1
DA:53,1
DA:58,1
DA:59,0
LF:23
LH:19
BRF:0
BRH:0
end_of_record
TN:
SF:src/users/users.module.ts
FNF:0
FNH:0
DA:1,0
DA:2,0
DA:3,0
DA:4,0
DA:5,0
DA:6,0
DA:21,0
LF:7
LH:0
BRF:0
BRH:0
end_of_record
TN:
SF:src/users/users.service.ts
FN:15,(anonymous_4)
FN:19,(anonymous_5)
FN:38,(anonymous_6)
FN:54,(anonymous_7)
FN:67,(anonymous_8)
FN:82,(anonymous_9)
FN:86,(anonymous_10)
FN:99,(anonymous_11)
FN:112,(anonymous_12)
FN:129,(anonymous_13)
FN:143,(anonymous_14)
FN:158,(anonymous_15)
FN:173,(anonymous_16)
FN:188,(anonymous_17)
FN:201,(anonymous_18)
FN:215,(anonymous_19)
FN:232,(anonymous_20)
FN:236,(anonymous_21)
FNF:18
FNH:0
FNDA:0,(anonymous_4)
FNDA:0,(anonymous_5)
FNDA:0,(anonymous_6)
FNDA:0,(anonymous_7)
FNDA:0,(anonymous_8)
FNDA:0,(anonymous_9)
FNDA:0,(anonymous_10)
FNDA:0,(anonymous_11)
FNDA:0,(anonymous_12)
FNDA:0,(anonymous_13)
FNDA:0,(anonymous_14)
FNDA:0,(anonymous_15)
FNDA:0,(anonymous_16)
FNDA:0,(anonymous_17)
FNDA:0,(anonymous_18)
FNDA:0,(anonymous_19)
FNDA:0,(anonymous_20)
FNDA:0,(anonymous_21)
DA:1,4
DA:3,4
DA:4,4
DA:5,4
DA:14,4
DA:16,0
DA:20,0
DA:21,0
DA:23,0
DA:24,0
DA:26,0
DA:27,0
DA:34,0
DA:39,0
DA:40,0
DA:44,0
DA:50,0
DA:55,0
DA:56,0
DA:57,0
DA:63,0
DA:68,0
DA:69,0
DA:70,0
DA:77,0
DA:83,0
DA:87,0
DA:88,0
DA:89,0
DA:95,0
DA:100,0
DA:101,0
DA:102,0
DA:108,0
DA:114,0
DA:115,0
DA:117,0
DA:124,0
DA:130,0
DA:131,0
DA:134,0
DA:140,0
DA:144,0
DA:145,0
DA:148,0
DA:154,0
DA:159,0
DA:160,0
DA:163,0
DA:169,0
DA:174,0
DA:175,0
DA:178,0
DA:184,0
DA:189,0
DA:190,0
DA:191,0
DA:197,0
DA:202,0
DA:203,0
DA:204,0
DA:205,0
DA:211,0
DA:216,0
DA:217,0
DA:220,0
DA:222,0
DA:228,0
DA:233,0
DA:237,0
DA:247,0
LF:71
LH:5
BRDA:23,0,0,0
BRDA:23,0,1,0
BRDA:204,1,0,0
BRDA:220,2,0,0
BRF:4
BRH:0
end_of_record
TN:
SF:src/users/dto/create-user.dto.ts
FNF:0
FNH:0
DA:1,0
LF:1
LH:0
BRF:0
BRH:0
end_of_record
TN:
SF:src/users/dto/update-user-byadmin.dto .ts
FNF:0
FNH:0
DA:1,1
DA:2,1
DA:5,1
DA:8,1
DA:13,1
DA:18,1
DA:23,1
DA:27,1
DA:32,1
DA:36,1
DA:40,1
DA:44,1
DA:48,1
DA:52,1
DA:56,1
LF:15
LH:15
BRF:0
BRH:0
end_of_record
TN:
SF:src/users/dto/update-user.dto.ts
FNF:0
FNH:0
DA:1,1
DA:2,1
DA:5,1
DA:8,1
DA:13,1
DA:18,1
LF:6
LH:6
BRF:0
BRH:0
end_of_record
TN:
SF:src/users/schemas/user.schema.ts
FNF:0
FNH:0
DA:2,4
DA:3,4
DA:4,4
DA:5,4
DA:11,4
DA:14,4
DA:18,4
DA:22,4
DA:26,4
DA:30,4
DA:34,4
DA:42,4
DA:51,4
DA:63,4
DA:70,4
DA:74,4
DA:77,4
LF:17
LH:17
BRF:0
BRH:0
end_of_record
TN:
SF:src/utils/mail-sender.ts
FN:4,(anonymous_0)
FN:33,(anonymous_1)
FNF:2
FNH:0
FNDA:0,(anonymous_0)
FNDA:0,(anonymous_1)
DA:2,2
DA:4,2
DA:6,0
DA:22,0
DA:31,0
DA:34,0
DA:35,0
DA:36,0
LF:8
LH:2
BRDA:34,0,0,0
BRF:1
BRH:0
end_of_record
